<?xml version="1.0" encoding="UTF-8"?>
<testsuite name="com.gdu.wacdo.EmployeeServiceTest" tests="5" skipped="0" failures="0" errors="0" timestamp="2026-01-13T14:34:35.007Z" hostname="COMEDBT" time="1.982">
  <properties/>
  <testcase name="insertEmployee()" classname="com.gdu.wacdo.EmployeeServiceTest" time="1.13"/>
  <testcase name="countEmployee()" classname="com.gdu.wacdo.EmployeeServiceTest" time="0.377"/>
  <testcase name="checkDb()" classname="com.gdu.wacdo.EmployeeServiceTest" time="0.008"/>
  <testcase name="findEmployee()" classname="com.gdu.wacdo.EmployeeServiceTest" time="0.254"/>
  <testcase name="updateEmployee()" classname="com.gdu.wacdo.EmployeeServiceTest" time="0.207"/>
  <system-out><![CDATA[15:34:26.949 [Test worker] INFO org.springframework.test.context.support.AnnotationConfigContextLoaderUtils -- Could not detect default configuration classes for test class [com.gdu.wacdo.EmployeeServiceTest]: EmployeeServiceTest does not declare any static, non-private, non-final, nested classes annotated with @Configuration.
15:34:27.182 [Test worker] INFO org.springframework.boot.test.context.SpringBootTestContextBootstrapper -- Found @SpringBootConfiguration com.gdu.wacdo.WacdoApplication for test class com.gdu.wacdo.EmployeeServiceTest
DB URL = jdbc:h2:mem:testdb;DB_CLOSE_DELAY=-1
[SUCCESS] Database connection established...
jdbc:h2:mem:testdb;DB_CLOSE_DELAY=-1
]]></system-out>
  <system-err><![CDATA[]]></system-err>
</testsuite>
