<?xml version="1.0" encoding="UTF-8"?>
<testsuite name="com.gdu.wacdo.EmployeeServiceTest" tests="5" skipped="0" failures="0" errors="0" timestamp="2026-01-13T16:29:48.341Z" hostname="COMEDBT" time="1.555">
  <properties/>
  <testcase name="insertEmployee()" classname="com.gdu.wacdo.EmployeeServiceTest" time="0.32"/>
  <testcase name="countEmployee()" classname="com.gdu.wacdo.EmployeeServiceTest" time="0.341"/>
  <testcase name="checkDb()" classname="com.gdu.wacdo.EmployeeServiceTest" time="0.012"/>
  <testcase name="findEmployee()" classname="com.gdu.wacdo.EmployeeServiceTest" time="0.413"/>
  <testcase name="updateEmployee()" classname="com.gdu.wacdo.EmployeeServiceTest" time="0.46"/>
  <system-out><![CDATA[jdbc:h2:mem:testdb;DB_CLOSE_DELAY=-1
]]></system-out>
  <system-err><![CDATA[]]></system-err>
</testsuite>
