<?xml version="1.0" encoding="UTF-8"?>
<testsuite name="com.gdu.wacdo.ResponsabilitySerivceTest" tests="4" skipped="0" failures="0" errors="0" timestamp="2026-01-13T16:29:49.912Z" hostname="COMEDBT" time="0.052">
  <properties/>
  <testcase name="insertResponsability()" classname="com.gdu.wacdo.ResponsabilitySerivceTest" time="0.01"/>
  <testcase name="checkDb()" classname="com.gdu.wacdo.ResponsabilitySerivceTest" time="0.007"/>
  <testcase name="countResponsability()" classname="com.gdu.wacdo.ResponsabilitySerivceTest" time="0.017"/>
  <testcase name="findResponsability()" classname="com.gdu.wacdo.ResponsabilitySerivceTest" time="0.015"/>
  <system-out><![CDATA[jdbc:h2:mem:testdb;DB_CLOSE_DELAY=-1
]]></system-out>
  <system-err><![CDATA[]]></system-err>
</testsuite>
