<?xml version="1.0" encoding="UTF-8"?>
<testsuite name="com.gdu.wacdo.AssignementServiceTest" tests="4" skipped="0" failures="0" errors="0" timestamp="2026-01-13T16:29:44.702Z" hostname="COMEDBT" time="3.619">
  <properties/>
  <testcase name="findAssignement()" classname="com.gdu.wacdo.AssignementServiceTest" time="2.596"/>
  <testcase name="insertAssignement()" classname="com.gdu.wacdo.AssignementServiceTest" time="0.652"/>
  <testcase name="checkDb()" classname="com.gdu.wacdo.AssignementServiceTest" time="0.012"/>
  <testcase name="countAssignement()" classname="com.gdu.wacdo.AssignementServiceTest" time="0.353"/>
  <system-out><![CDATA[17:29:28.958 [Test worker] INFO org.springframework.test.context.support.AnnotationConfigContextLoaderUtils -- Could not detect default configuration classes for test class [com.gdu.wacdo.AssignementServiceTest]: AssignementServiceTest does not declare any static, non-private, non-final, nested classes annotated with @Configuration.
17:29:29.476 [Test worker] INFO org.springframework.boot.test.context.SpringBootTestContextBootstrapper -- Found @SpringBootConfiguration com.gdu.wacdo.WacdoApplication for test class com.gdu.wacdo.AssignementServiceTest
DB URL = jdbc:h2:mem:testdb;DB_CLOSE_DELAY=-1
[SUCCESS] Database connection established...
jdbc:h2:mem:testdb;DB_CLOSE_DELAY=-1
]]></system-out>
  <system-err><![CDATA[]]></system-err>
</testsuite>
