<?xml version="1.0" encoding="UTF-8"?>
<testsuite name="com.gdu.wacdo.WacdoApplicationTests" tests="2" skipped="0" failures="0" errors="0" timestamp="2026-01-06T01:26:24.429Z" hostname="COMEDBT" time="4.422">
  <properties/>
  <testcase name="hitAllGetRoutes()" classname="com.gdu.wacdo.WacdoApplicationTests" time="4.419"/>
  <testcase name="contextLoads()" classname="com.gdu.wacdo.WacdoApplicationTests" time="0.002"/>
  <system-out><![CDATA[02:26:15.318 [Test worker] INFO org.springframework.test.context.support.AnnotationConfigContextLoaderUtils -- Could not detect default configuration classes for test class [com.gdu.wacdo.WacdoApplicationTests]: WacdoApplicationTests does not declare any static, non-private, non-final, nested classes annotated with @Configuration.
02:26:15.569 [Test worker] INFO org.springframework.boot.test.context.SpringBootTestContextBootstrapper -- Found @SpringBootConfiguration com.gdu.wacdo.WacdoApplication for test class com.gdu.wacdo.WacdoApplicationTests
[SUCCESS] Database connection established...
Hibernate: select e1_0.id,e1_0.admin,e1_0.hire_date,e1_0.image,e1_0.mail,e1_0.name,e1_0.password,e1_0.phone,e1_0.role_id,e1_0.surname from employee e1_0
Hibernate: select r1_0.id,r1_0.role_name from role r1_0 where r1_0.id=?
Hibernate: select r1_0.id,r1_0.role_name from role r1_0 where r1_0.id=?
Hibernate: select r1_0.id,r1_0.role_name from role r1_0 where r1_0.id=?
Hibernate: select r1_0.id,r1_0.image,r1_0.name,r1_0.address_id from restaurant r1_0
Hibernate: select ra1_0.id,ra1_0.address,ra1_0.city,ra1_0.cordx,ra1_0.cordy,ra1_0.postal_code from restaurant_address ra1_0 where ra1_0.id=?
Hibernate: select ra1_0.id,ra1_0.address,ra1_0.city,ra1_0.cordx,ra1_0.cordy,ra1_0.postal_code from restaurant_address ra1_0 where ra1_0.id=?
Hibernate: select ra1_0.id,ra1_0.address,ra1_0.city,ra1_0.cordx,ra1_0.cordy,ra1_0.postal_code from restaurant_address ra1_0 where ra1_0.id=?
Hibernate: select ra1_0.id,ra1_0.address,ra1_0.city,ra1_0.cordx,ra1_0.cordy,ra1_0.postal_code from restaurant_address ra1_0 where ra1_0.id=?
Hibernate: select ra1_0.id,ra1_0.address,ra1_0.city,ra1_0.cordx,ra1_0.cordy,ra1_0.postal_code from restaurant_address ra1_0 where ra1_0.id=?
Hibernate: select ra1_0.id,ra1_0.address,ra1_0.city,ra1_0.cordx,ra1_0.cordy,ra1_0.postal_code from restaurant_address ra1_0 where ra1_0.id=?
Hibernate: select ra1_0.id,ra1_0.address,ra1_0.city,ra1_0.cordx,ra1_0.cordy,ra1_0.postal_code from restaurant_address ra1_0 where ra1_0.id=?
Hibernate: select ra1_0.id,ra1_0.address,ra1_0.city,ra1_0.cordx,ra1_0.cordy,ra1_0.postal_code from restaurant_address ra1_0 where ra1_0.id=?
Hibernate: select ra1_0.id,ra1_0.address,ra1_0.city,ra1_0.cordx,ra1_0.cordy,ra1_0.postal_code from restaurant_address ra1_0 where ra1_0.id=?
Hibernate: select ra1_0.id,ra1_0.address,ra1_0.city,ra1_0.cordx,ra1_0.cordy,ra1_0.postal_code from restaurant_address ra1_0 where ra1_0.id=?
Hibernate: select ra1_0.id,ra1_0.address,ra1_0.city,ra1_0.cordx,ra1_0.cordy,ra1_0.postal_code from restaurant_address ra1_0 where ra1_0.id=?
Hibernate: select ra1_0.id,ra1_0.address,ra1_0.city,ra1_0.cordx,ra1_0.cordy,ra1_0.postal_code from restaurant_address ra1_0 where ra1_0.id=?
Hibernate: select ra1_0.id,ra1_0.address,ra1_0.city,ra1_0.cordx,ra1_0.cordy,ra1_0.postal_code from restaurant_address ra1_0 where ra1_0.id=?
Hibernate: select ra1_0.id,ra1_0.address,ra1_0.city,ra1_0.cordx,ra1_0.cordy,ra1_0.postal_code from restaurant_address ra1_0 where ra1_0.id=?
Hibernate: select ra1_0.id,ra1_0.address,ra1_0.city,ra1_0.cordx,ra1_0.cordy,ra1_0.postal_code from restaurant_address ra1_0 where ra1_0.id=?
Hibernate: select ra1_0.id,ra1_0.address,ra1_0.city,ra1_0.cordx,ra1_0.cordy,ra1_0.postal_code from restaurant_address ra1_0 where ra1_0.id=?
Hibernate: select ra1_0.id,ra1_0.address,ra1_0.city,ra1_0.cordx,ra1_0.cordy,ra1_0.postal_code from restaurant_address ra1_0 where ra1_0.id=?
Hibernate: select ra1_0.id,ra1_0.address,ra1_0.city,ra1_0.cordx,ra1_0.cordy,ra1_0.postal_code from restaurant_address ra1_0 where ra1_0.id=?
Hibernate: select ra1_0.id,ra1_0.address,ra1_0.city,ra1_0.cordx,ra1_0.cordy,ra1_0.postal_code from restaurant_address ra1_0 where ra1_0.id=?
Hibernate: select ra1_0.id,ra1_0.address,ra1_0.city,ra1_0.cordx,ra1_0.cordy,ra1_0.postal_code from restaurant_address ra1_0 where ra1_0.id=?
Hibernate: select ra1_0.id,ra1_0.address,ra1_0.city,ra1_0.cordx,ra1_0.cordy,ra1_0.postal_code from restaurant_address ra1_0 where ra1_0.id=?
Hibernate: select ra1_0.id,ra1_0.address,ra1_0.city,ra1_0.cordx,ra1_0.cordy,ra1_0.postal_code from restaurant_address ra1_0 where ra1_0.id=?
Hibernate: select ra1_0.id,ra1_0.address,ra1_0.city,ra1_0.cordx,ra1_0.cordy,ra1_0.postal_code from restaurant_address ra1_0 where ra1_0.id=?
Hibernate: select ra1_0.id,ra1_0.address,ra1_0.city,ra1_0.cordx,ra1_0.cordy,ra1_0.postal_code from restaurant_address ra1_0 where ra1_0.id=?
Hibernate: select ra1_0.id,ra1_0.address,ra1_0.city,ra1_0.cordx,ra1_0.cordy,ra1_0.postal_code from restaurant_address ra1_0 where ra1_0.id=?
Hibernate: select ra1_0.id,ra1_0.address,ra1_0.city,ra1_0.cordx,ra1_0.cordy,ra1_0.postal_code from restaurant_address ra1_0 where ra1_0.id=?
Hibernate: select ra1_0.id,ra1_0.address,ra1_0.city,ra1_0.cordx,ra1_0.cordy,ra1_0.postal_code from restaurant_address ra1_0 where ra1_0.id=?
Hibernate: select ra1_0.id,ra1_0.address,ra1_0.city,ra1_0.cordx,ra1_0.cordy,ra1_0.postal_code from restaurant_address ra1_0 where ra1_0.id=?
Hibernate: select ra1_0.id,ra1_0.address,ra1_0.city,ra1_0.cordx,ra1_0.cordy,ra1_0.postal_code from restaurant_address ra1_0 where ra1_0.id=?
Hibernate: select ra1_0.id,ra1_0.address,ra1_0.city,ra1_0.cordx,ra1_0.cordy,ra1_0.postal_code from restaurant_address ra1_0 where ra1_0.id=?
Hibernate: select ra1_0.id,ra1_0.address,ra1_0.city,ra1_0.cordx,ra1_0.cordy,ra1_0.postal_code from restaurant_address ra1_0 where ra1_0.id=?
Hibernate: select ra1_0.id,ra1_0.address,ra1_0.city,ra1_0.cordx,ra1_0.cordy,ra1_0.postal_code from restaurant_address ra1_0 where ra1_0.id=?
Hibernate: select ra1_0.id,ra1_0.address,ra1_0.city,ra1_0.cordx,ra1_0.cordy,ra1_0.postal_code from restaurant_address ra1_0 where ra1_0.id=?
Hibernate: select ra1_0.id,ra1_0.address,ra1_0.city,ra1_0.cordx,ra1_0.cordy,ra1_0.postal_code from restaurant_address ra1_0 where ra1_0.id=?
Hibernate: select ra1_0.id,ra1_0.address,ra1_0.city,ra1_0.cordx,ra1_0.cordy,ra1_0.postal_code from restaurant_address ra1_0 where ra1_0.id=?
Hibernate: select ra1_0.id,ra1_0.address,ra1_0.city,ra1_0.cordx,ra1_0.cordy,ra1_0.postal_code from restaurant_address ra1_0 where ra1_0.id=?
Hibernate: select ra1_0.id,ra1_0.address,ra1_0.city,ra1_0.cordx,ra1_0.cordy,ra1_0.postal_code from restaurant_address ra1_0 where ra1_0.id=?
Hibernate: select ra1_0.id,ra1_0.address,ra1_0.city,ra1_0.cordx,ra1_0.cordy,ra1_0.postal_code from restaurant_address ra1_0 where ra1_0.id=?
Hibernate: select ra1_0.id,ra1_0.address,ra1_0.city,ra1_0.cordx,ra1_0.cordy,ra1_0.postal_code from restaurant_address ra1_0 where ra1_0.id=?
Hibernate: select ra1_0.id,ra1_0.address,ra1_0.city,ra1_0.cordx,ra1_0.cordy,ra1_0.postal_code from restaurant_address ra1_0 where ra1_0.id=?
Hibernate: select ra1_0.id,ra1_0.address,ra1_0.city,ra1_0.cordx,ra1_0.cordy,ra1_0.postal_code from restaurant_address ra1_0 where ra1_0.id=?
Hibernate: select ra1_0.id,ra1_0.address,ra1_0.city,ra1_0.cordx,ra1_0.cordy,ra1_0.postal_code from restaurant_address ra1_0 where ra1_0.id=?
Hibernate: select ra1_0.id,ra1_0.address,ra1_0.city,ra1_0.cordx,ra1_0.cordy,ra1_0.postal_code from restaurant_address ra1_0 where ra1_0.id=?
Hibernate: select ra1_0.id,ra1_0.address,ra1_0.city,ra1_0.cordx,ra1_0.cordy,ra1_0.postal_code from restaurant_address ra1_0 where ra1_0.id=?
Hibernate: select ra1_0.id,ra1_0.address,ra1_0.city,ra1_0.cordx,ra1_0.cordy,ra1_0.postal_code from restaurant_address ra1_0 where ra1_0.id=?
Hibernate: select ra1_0.id,ra1_0.address,ra1_0.city,ra1_0.cordx,ra1_0.cordy,ra1_0.postal_code from restaurant_address ra1_0 where ra1_0.id=?
Hibernate: select ra1_0.id,ra1_0.address,ra1_0.city,ra1_0.cordx,ra1_0.cordy,ra1_0.postal_code from restaurant_address ra1_0 where ra1_0.id=?
Hibernate: select ra1_0.id,ra1_0.address,ra1_0.city,ra1_0.cordx,ra1_0.cordy,ra1_0.postal_code from restaurant_address ra1_0 where ra1_0.id=?
Hibernate: select ra1_0.id,ra1_0.address,ra1_0.city,ra1_0.cordx,ra1_0.cordy,ra1_0.postal_code from restaurant_address ra1_0 where ra1_0.id=?
Hibernate: select ra1_0.id,ra1_0.address,ra1_0.city,ra1_0.cordx,ra1_0.cordy,ra1_0.postal_code from restaurant_address ra1_0 where ra1_0.id=?
Hibernate: select ra1_0.id,ra1_0.address,ra1_0.city,ra1_0.cordx,ra1_0.cordy,ra1_0.postal_code from restaurant_address ra1_0 where ra1_0.id=?
Hibernate: select ra1_0.id,ra1_0.address,ra1_0.city,ra1_0.cordx,ra1_0.cordy,ra1_0.postal_code from restaurant_address ra1_0 where ra1_0.id=?
Hibernate: select ra1_0.id,ra1_0.address,ra1_0.city,ra1_0.cordx,ra1_0.cordy,ra1_0.postal_code from restaurant_address ra1_0 where ra1_0.id=?
Hibernate: select ra1_0.id,ra1_0.address,ra1_0.city,ra1_0.cordx,ra1_0.cordy,ra1_0.postal_code from restaurant_address ra1_0 where ra1_0.id=?
Hibernate: select ra1_0.id,ra1_0.address,ra1_0.city,ra1_0.cordx,ra1_0.cordy,ra1_0.postal_code from restaurant_address ra1_0 where ra1_0.id=?
Hibernate: select ra1_0.id,ra1_0.address,ra1_0.city,ra1_0.cordx,ra1_0.cordy,ra1_0.postal_code from restaurant_address ra1_0 where ra1_0.id=?
Hibernate: select ra1_0.id,ra1_0.address,ra1_0.city,ra1_0.cordx,ra1_0.cordy,ra1_0.postal_code from restaurant_address ra1_0 where ra1_0.id=?
Hibernate: select ra1_0.id,ra1_0.address,ra1_0.city,ra1_0.cordx,ra1_0.cordy,ra1_0.postal_code from restaurant_address ra1_0 where ra1_0.id=?
Hibernate: select ra1_0.id,ra1_0.address,ra1_0.city,ra1_0.cordx,ra1_0.cordy,ra1_0.postal_code from restaurant_address ra1_0 where ra1_0.id=?
Hibernate: select ra1_0.id,ra1_0.address,ra1_0.city,ra1_0.cordx,ra1_0.cordy,ra1_0.postal_code from restaurant_address ra1_0 where ra1_0.id=?
Hibernate: select ra1_0.id,ra1_0.address,ra1_0.city,ra1_0.cordx,ra1_0.cordy,ra1_0.postal_code from restaurant_address ra1_0 where ra1_0.id=?
Hibernate: select ra1_0.id,ra1_0.address,ra1_0.city,ra1_0.cordx,ra1_0.cordy,ra1_0.postal_code from restaurant_address ra1_0 where ra1_0.id=?
Hibernate: select ra1_0.id,ra1_0.address,ra1_0.city,ra1_0.cordx,ra1_0.cordy,ra1_0.postal_code from restaurant_address ra1_0 where ra1_0.id=?
Hibernate: select ra1_0.id,ra1_0.address,ra1_0.city,ra1_0.cordx,ra1_0.cordy,ra1_0.postal_code from restaurant_address ra1_0 where ra1_0.id=?
Hibernate: select ra1_0.id,ra1_0.address,ra1_0.city,ra1_0.cordx,ra1_0.cordy,ra1_0.postal_code from restaurant_address ra1_0 where ra1_0.id=?
Hibernate: select ra1_0.id,ra1_0.address,ra1_0.city,ra1_0.cordx,ra1_0.cordy,ra1_0.postal_code from restaurant_address ra1_0 where ra1_0.id=?
Hibernate: select ra1_0.id,ra1_0.address,ra1_0.city,ra1_0.cordx,ra1_0.cordy,ra1_0.postal_code from restaurant_address ra1_0 where ra1_0.id=?
Hibernate: select ra1_0.id,ra1_0.address,ra1_0.city,ra1_0.cordx,ra1_0.cordy,ra1_0.postal_code from restaurant_address ra1_0 where ra1_0.id=?
Hibernate: select ra1_0.id,ra1_0.address,ra1_0.city,ra1_0.cordx,ra1_0.cordy,ra1_0.postal_code from restaurant_address ra1_0 where ra1_0.id=?
Hibernate: select ra1_0.id,ra1_0.address,ra1_0.city,ra1_0.cordx,ra1_0.cordy,ra1_0.postal_code from restaurant_address ra1_0 where ra1_0.id=?
Hibernate: select ra1_0.id,ra1_0.address,ra1_0.city,ra1_0.cordx,ra1_0.cordy,ra1_0.postal_code from restaurant_address ra1_0 where ra1_0.id=?
Hibernate: select ra1_0.id,ra1_0.address,ra1_0.city,ra1_0.cordx,ra1_0.cordy,ra1_0.postal_code from restaurant_address ra1_0 where ra1_0.id=?
Hibernate: select r1_0.id,r1_0.role from responsability r1_0
Hibernate: select a1_0.employee_id,a1_0.restaurant_id,e1_0.id,e1_0.admin,e1_0.hire_date,e1_0.image,e1_0.mail,e1_0.name,e1_0.password,e1_0.phone,r1_0.id,r1_0.role_name,e1_0.surname,a1_0.end_date,r2_0.id,r2_0.role,r3_0.id,r3_0.image,r3_0.name,ra1_0.id,ra1_0.address,ra1_0.city,ra1_0.cordx,ra1_0.cordy,ra1_0.postal_code,a1_0.start_date from assignement a1_0 join employee e1_0 on e1_0.id=a1_0.employee_id left join role r1_0 on r1_0.id=e1_0.role_id left join responsability r2_0 on r2_0.id=a1_0.responsability_id join restaurant r3_0 on r3_0.id=a1_0.restaurant_id left join restaurant_address ra1_0 on ra1_0.id=r3_0.address_id where (a1_0.employee_id,a1_0.restaurant_id) in ((?,?))
Hibernate: insert into assignement (end_date,responsability_id,start_date,employee_id,restaurant_id) values (?,?,?,?,?)
Hibernate: select a1_0.employee_id,a1_0.restaurant_id,e1_0.id,e1_0.admin,e1_0.hire_date,e1_0.image,e1_0.mail,e1_0.name,e1_0.password,e1_0.phone,r1_0.id,r1_0.role_name,e1_0.surname,a1_0.end_date,r2_0.id,r2_0.role,r3_0.id,r3_0.image,r3_0.name,ra1_0.id,ra1_0.address,ra1_0.city,ra1_0.cordx,ra1_0.cordy,ra1_0.postal_code,a1_0.start_date from assignement a1_0 join employee e1_0 on e1_0.id=a1_0.employee_id left join role r1_0 on r1_0.id=e1_0.role_id left join responsability r2_0 on r2_0.id=a1_0.responsability_id join restaurant r3_0 on r3_0.id=a1_0.restaurant_id left join restaurant_address ra1_0 on ra1_0.id=r3_0.address_id where (a1_0.employee_id,a1_0.restaurant_id) in ((?,?))
Hibernate: insert into assignement (end_date,responsability_id,start_date,employee_id,restaurant_id) values (?,?,?,?,?)
Hibernate: select a1_0.employee_id,a1_0.restaurant_id,e1_0.id,e1_0.admin,e1_0.hire_date,e1_0.image,e1_0.mail,e1_0.name,e1_0.password,e1_0.phone,r1_0.id,r1_0.role_name,e1_0.surname,a1_0.end_date,r2_0.id,r2_0.role,r3_0.id,r3_0.image,r3_0.name,ra1_0.id,ra1_0.address,ra1_0.city,ra1_0.cordx,ra1_0.cordy,ra1_0.postal_code,a1_0.start_date from assignement a1_0 join employee e1_0 on e1_0.id=a1_0.employee_id left join role r1_0 on r1_0.id=e1_0.role_id left join responsability r2_0 on r2_0.id=a1_0.responsability_id join restaurant r3_0 on r3_0.id=a1_0.restaurant_id left join restaurant_address ra1_0 on ra1_0.id=r3_0.address_id where (a1_0.employee_id,a1_0.restaurant_id) in ((?,?))
Hibernate: insert into assignement (end_date,responsability_id,start_date,employee_id,restaurant_id) values (?,?,?,?,?)
Hibernate: select a1_0.employee_id,a1_0.restaurant_id,e1_0.id,e1_0.admin,e1_0.hire_date,e1_0.image,e1_0.mail,e1_0.name,e1_0.password,e1_0.phone,r1_0.id,r1_0.role_name,e1_0.surname,a1_0.end_date,r2_0.id,r2_0.role,r3_0.id,r3_0.image,r3_0.name,ra1_0.id,ra1_0.address,ra1_0.city,ra1_0.cordx,ra1_0.cordy,ra1_0.postal_code,a1_0.start_date from assignement a1_0 join employee e1_0 on e1_0.id=a1_0.employee_id left join role r1_0 on r1_0.id=e1_0.role_id left join responsability r2_0 on r2_0.id=a1_0.responsability_id join restaurant r3_0 on r3_0.id=a1_0.restaurant_id left join restaurant_address ra1_0 on ra1_0.id=r3_0.address_id where (a1_0.employee_id,a1_0.restaurant_id) in ((?,?))
Hibernate: insert into assignement (end_date,responsability_id,start_date,employee_id,restaurant_id) values (?,?,?,?,?)
Hibernate: select a1_0.employee_id,a1_0.restaurant_id,e1_0.id,e1_0.admin,e1_0.hire_date,e1_0.image,e1_0.mail,e1_0.name,e1_0.password,e1_0.phone,r1_0.id,r1_0.role_name,e1_0.surname,a1_0.end_date,r2_0.id,r2_0.role,r3_0.id,r3_0.image,r3_0.name,ra1_0.id,ra1_0.address,ra1_0.city,ra1_0.cordx,ra1_0.cordy,ra1_0.postal_code,a1_0.start_date from assignement a1_0 join employee e1_0 on e1_0.id=a1_0.employee_id left join role r1_0 on r1_0.id=e1_0.role_id left join responsability r2_0 on r2_0.id=a1_0.responsability_id join restaurant r3_0 on r3_0.id=a1_0.restaurant_id left join restaurant_address ra1_0 on ra1_0.id=r3_0.address_id where (a1_0.employee_id,a1_0.restaurant_id) in ((?,?))
Hibernate: insert into assignement (end_date,responsability_id,start_date,employee_id,restaurant_id) values (?,?,?,?,?)
Hibernate: select a1_0.employee_id,a1_0.restaurant_id,e1_0.id,e1_0.admin,e1_0.hire_date,e1_0.image,e1_0.mail,e1_0.name,e1_0.password,e1_0.phone,r1_0.id,r1_0.role_name,e1_0.surname,a1_0.end_date,r2_0.id,r2_0.role,r3_0.id,r3_0.image,r3_0.name,ra1_0.id,ra1_0.address,ra1_0.city,ra1_0.cordx,ra1_0.cordy,ra1_0.postal_code,a1_0.start_date from assignement a1_0 join employee e1_0 on e1_0.id=a1_0.employee_id left join role r1_0 on r1_0.id=e1_0.role_id left join responsability r2_0 on r2_0.id=a1_0.responsability_id join restaurant r3_0 on r3_0.id=a1_0.restaurant_id left join restaurant_address ra1_0 on ra1_0.id=r3_0.address_id where (a1_0.employee_id,a1_0.restaurant_id) in ((?,?))
Hibernate: insert into assignement (end_date,responsability_id,start_date,employee_id,restaurant_id) values (?,?,?,?,?)
Hibernate: select a1_0.employee_id,a1_0.restaurant_id,e1_0.id,e1_0.admin,e1_0.hire_date,e1_0.image,e1_0.mail,e1_0.name,e1_0.password,e1_0.phone,r1_0.id,r1_0.role_name,e1_0.surname,a1_0.end_date,r2_0.id,r2_0.role,r3_0.id,r3_0.image,r3_0.name,ra1_0.id,ra1_0.address,ra1_0.city,ra1_0.cordx,ra1_0.cordy,ra1_0.postal_code,a1_0.start_date from assignement a1_0 join employee e1_0 on e1_0.id=a1_0.employee_id left join role r1_0 on r1_0.id=e1_0.role_id left join responsability r2_0 on r2_0.id=a1_0.responsability_id join restaurant r3_0 on r3_0.id=a1_0.restaurant_id left join restaurant_address ra1_0 on ra1_0.id=r3_0.address_id where (a1_0.employee_id,a1_0.restaurant_id) in ((?,?))
Hibernate: insert into assignement (end_date,responsability_id,start_date,employee_id,restaurant_id) values (?,?,?,?,?)
Hibernate: select a1_0.employee_id,a1_0.restaurant_id,e1_0.id,e1_0.admin,e1_0.hire_date,e1_0.image,e1_0.mail,e1_0.name,e1_0.password,e1_0.phone,r1_0.id,r1_0.role_name,e1_0.surname,a1_0.end_date,r2_0.id,r2_0.role,r3_0.id,r3_0.image,r3_0.name,ra1_0.id,ra1_0.address,ra1_0.city,ra1_0.cordx,ra1_0.cordy,ra1_0.postal_code,a1_0.start_date from assignement a1_0 join employee e1_0 on e1_0.id=a1_0.employee_id left join role r1_0 on r1_0.id=e1_0.role_id left join responsability r2_0 on r2_0.id=a1_0.responsability_id join restaurant r3_0 on r3_0.id=a1_0.restaurant_id left join restaurant_address ra1_0 on ra1_0.id=r3_0.address_id where (a1_0.employee_id,a1_0.restaurant_id) in ((?,?))
Hibernate: insert into assignement (end_date,responsability_id,start_date,employee_id,restaurant_id) values (?,?,?,?,?)
Hibernate: select a1_0.employee_id,a1_0.restaurant_id,e1_0.id,e1_0.admin,e1_0.hire_date,e1_0.image,e1_0.mail,e1_0.name,e1_0.password,e1_0.phone,r1_0.id,r1_0.role_name,e1_0.surname,a1_0.end_date,r2_0.id,r2_0.role,r3_0.id,r3_0.image,r3_0.name,ra1_0.id,ra1_0.address,ra1_0.city,ra1_0.cordx,ra1_0.cordy,ra1_0.postal_code,a1_0.start_date from assignement a1_0 join employee e1_0 on e1_0.id=a1_0.employee_id left join role r1_0 on r1_0.id=e1_0.role_id left join responsability r2_0 on r2_0.id=a1_0.responsability_id join restaurant r3_0 on r3_0.id=a1_0.restaurant_id left join restaurant_address ra1_0 on ra1_0.id=r3_0.address_id where (a1_0.employee_id,a1_0.restaurant_id) in ((?,?))
Hibernate: insert into assignement (end_date,responsability_id,start_date,employee_id,restaurant_id) values (?,?,?,?,?)
Hibernate: select a1_0.employee_id,a1_0.restaurant_id,e1_0.id,e1_0.admin,e1_0.hire_date,e1_0.image,e1_0.mail,e1_0.name,e1_0.password,e1_0.phone,r1_0.id,r1_0.role_name,e1_0.surname,a1_0.end_date,r2_0.id,r2_0.role,r3_0.id,r3_0.image,r3_0.name,ra1_0.id,ra1_0.address,ra1_0.city,ra1_0.cordx,ra1_0.cordy,ra1_0.postal_code,a1_0.start_date from assignement a1_0 join employee e1_0 on e1_0.id=a1_0.employee_id left join role r1_0 on r1_0.id=e1_0.role_id left join responsability r2_0 on r2_0.id=a1_0.responsability_id join restaurant r3_0 on r3_0.id=a1_0.restaurant_id left join restaurant_address ra1_0 on ra1_0.id=r3_0.address_id where (a1_0.employee_id,a1_0.restaurant_id) in ((?,?))
Hibernate: insert into assignement (end_date,responsability_id,start_date,employee_id,restaurant_id) values (?,?,?,?,?)
Hibernate: select a1_0.employee_id,a1_0.restaurant_id,e1_0.id,e1_0.admin,e1_0.hire_date,e1_0.image,e1_0.mail,e1_0.name,e1_0.password,e1_0.phone,r1_0.id,r1_0.role_name,e1_0.surname,a1_0.end_date,r2_0.id,r2_0.role,r3_0.id,r3_0.image,r3_0.name,ra1_0.id,ra1_0.address,ra1_0.city,ra1_0.cordx,ra1_0.cordy,ra1_0.postal_code,a1_0.start_date from assignement a1_0 join employee e1_0 on e1_0.id=a1_0.employee_id left join role r1_0 on r1_0.id=e1_0.role_id left join responsability r2_0 on r2_0.id=a1_0.responsability_id join restaurant r3_0 on r3_0.id=a1_0.restaurant_id left join restaurant_address ra1_0 on ra1_0.id=r3_0.address_id where (a1_0.employee_id,a1_0.restaurant_id) in ((?,?))
Hibernate: insert into assignement (end_date,responsability_id,start_date,employee_id,restaurant_id) values (?,?,?,?,?)
Hibernate: select a1_0.employee_id,a1_0.restaurant_id,e1_0.id,e1_0.admin,e1_0.hire_date,e1_0.image,e1_0.mail,e1_0.name,e1_0.password,e1_0.phone,r1_0.id,r1_0.role_name,e1_0.surname,a1_0.end_date,r2_0.id,r2_0.role,r3_0.id,r3_0.image,r3_0.name,ra1_0.id,ra1_0.address,ra1_0.city,ra1_0.cordx,ra1_0.cordy,ra1_0.postal_code,a1_0.start_date from assignement a1_0 join employee e1_0 on e1_0.id=a1_0.employee_id left join role r1_0 on r1_0.id=e1_0.role_id left join responsability r2_0 on r2_0.id=a1_0.responsability_id join restaurant r3_0 on r3_0.id=a1_0.restaurant_id left join restaurant_address ra1_0 on ra1_0.id=r3_0.address_id where (a1_0.employee_id,a1_0.restaurant_id) in ((?,?))
Hibernate: insert into assignement (end_date,responsability_id,start_date,employee_id,restaurant_id) values (?,?,?,?,?)
Hibernate: select a1_0.employee_id,a1_0.restaurant_id,e1_0.id,e1_0.admin,e1_0.hire_date,e1_0.image,e1_0.mail,e1_0.name,e1_0.password,e1_0.phone,r1_0.id,r1_0.role_name,e1_0.surname,a1_0.end_date,r2_0.id,r2_0.role,r3_0.id,r3_0.image,r3_0.name,ra1_0.id,ra1_0.address,ra1_0.city,ra1_0.cordx,ra1_0.cordy,ra1_0.postal_code,a1_0.start_date from assignement a1_0 join employee e1_0 on e1_0.id=a1_0.employee_id left join role r1_0 on r1_0.id=e1_0.role_id left join responsability r2_0 on r2_0.id=a1_0.responsability_id join restaurant r3_0 on r3_0.id=a1_0.restaurant_id left join restaurant_address ra1_0 on ra1_0.id=r3_0.address_id where (a1_0.employee_id,a1_0.restaurant_id) in ((?,?))
Hibernate: insert into assignement (end_date,responsability_id,start_date,employee_id,restaurant_id) values (?,?,?,?,?)
Hibernate: select a1_0.employee_id,a1_0.restaurant_id,e1_0.id,e1_0.admin,e1_0.hire_date,e1_0.image,e1_0.mail,e1_0.name,e1_0.password,e1_0.phone,r1_0.id,r1_0.role_name,e1_0.surname,a1_0.end_date,r2_0.id,r2_0.role,r3_0.id,r3_0.image,r3_0.name,ra1_0.id,ra1_0.address,ra1_0.city,ra1_0.cordx,ra1_0.cordy,ra1_0.postal_code,a1_0.start_date from assignement a1_0 join employee e1_0 on e1_0.id=a1_0.employee_id left join role r1_0 on r1_0.id=e1_0.role_id left join responsability r2_0 on r2_0.id=a1_0.responsability_id join restaurant r3_0 on r3_0.id=a1_0.restaurant_id left join restaurant_address ra1_0 on ra1_0.id=r3_0.address_id where (a1_0.employee_id,a1_0.restaurant_id) in ((?,?))
Hibernate: insert into assignement (end_date,responsability_id,start_date,employee_id,restaurant_id) values (?,?,?,?,?)
Hibernate: select a1_0.employee_id,a1_0.restaurant_id,e1_0.id,e1_0.admin,e1_0.hire_date,e1_0.image,e1_0.mail,e1_0.name,e1_0.password,e1_0.phone,r1_0.id,r1_0.role_name,e1_0.surname,a1_0.end_date,r2_0.id,r2_0.role,r3_0.id,r3_0.image,r3_0.name,ra1_0.id,ra1_0.address,ra1_0.city,ra1_0.cordx,ra1_0.cordy,ra1_0.postal_code,a1_0.start_date from assignement a1_0 join employee e1_0 on e1_0.id=a1_0.employee_id left join role r1_0 on r1_0.id=e1_0.role_id left join responsability r2_0 on r2_0.id=a1_0.responsability_id join restaurant r3_0 on r3_0.id=a1_0.restaurant_id left join restaurant_address ra1_0 on ra1_0.id=r3_0.address_id where (a1_0.employee_id,a1_0.restaurant_id) in ((?,?))
Hibernate: insert into assignement (end_date,responsability_id,start_date,employee_id,restaurant_id) values (?,?,?,?,?)
Hibernate: select a1_0.employee_id,a1_0.restaurant_id,e1_0.id,e1_0.admin,e1_0.hire_date,e1_0.image,e1_0.mail,e1_0.name,e1_0.password,e1_0.phone,r1_0.id,r1_0.role_name,e1_0.surname,a1_0.end_date,r2_0.id,r2_0.role,r3_0.id,r3_0.image,r3_0.name,ra1_0.id,ra1_0.address,ra1_0.city,ra1_0.cordx,ra1_0.cordy,ra1_0.postal_code,a1_0.start_date from assignement a1_0 join employee e1_0 on e1_0.id=a1_0.employee_id left join role r1_0 on r1_0.id=e1_0.role_id left join responsability r2_0 on r2_0.id=a1_0.responsability_id join restaurant r3_0 on r3_0.id=a1_0.restaurant_id left join restaurant_address ra1_0 on ra1_0.id=r3_0.address_id where (a1_0.employee_id,a1_0.restaurant_id) in ((?,?))
Hibernate: insert into assignement (end_date,responsability_id,start_date,employee_id,restaurant_id) values (?,?,?,?,?)
Hibernate: select a1_0.employee_id,a1_0.restaurant_id,e1_0.id,e1_0.admin,e1_0.hire_date,e1_0.image,e1_0.mail,e1_0.name,e1_0.password,e1_0.phone,r1_0.id,r1_0.role_name,e1_0.surname,a1_0.end_date,r2_0.id,r2_0.role,r3_0.id,r3_0.image,r3_0.name,ra1_0.id,ra1_0.address,ra1_0.city,ra1_0.cordx,ra1_0.cordy,ra1_0.postal_code,a1_0.start_date from assignement a1_0 join employee e1_0 on e1_0.id=a1_0.employee_id left join role r1_0 on r1_0.id=e1_0.role_id left join responsability r2_0 on r2_0.id=a1_0.responsability_id join restaurant r3_0 on r3_0.id=a1_0.restaurant_id left join restaurant_address ra1_0 on ra1_0.id=r3_0.address_id where (a1_0.employee_id,a1_0.restaurant_id) in ((?,?))
Hibernate: insert into assignement (end_date,responsability_id,start_date,employee_id,restaurant_id) values (?,?,?,?,?)
Hibernate: select a1_0.employee_id,a1_0.restaurant_id,e1_0.id,e1_0.admin,e1_0.hire_date,e1_0.image,e1_0.mail,e1_0.name,e1_0.password,e1_0.phone,r1_0.id,r1_0.role_name,e1_0.surname,a1_0.end_date,r2_0.id,r2_0.role,r3_0.id,r3_0.image,r3_0.name,ra1_0.id,ra1_0.address,ra1_0.city,ra1_0.cordx,ra1_0.cordy,ra1_0.postal_code,a1_0.start_date from assignement a1_0 join employee e1_0 on e1_0.id=a1_0.employee_id left join role r1_0 on r1_0.id=e1_0.role_id left join responsability r2_0 on r2_0.id=a1_0.responsability_id join restaurant r3_0 on r3_0.id=a1_0.restaurant_id left join restaurant_address ra1_0 on ra1_0.id=r3_0.address_id where (a1_0.employee_id,a1_0.restaurant_id) in ((?,?))
Hibernate: update assignement set end_date=?,responsability_id=?,start_date=? where employee_id=? and restaurant_id=?
Hibernate: select a1_0.employee_id,a1_0.restaurant_id,e1_0.id,e1_0.admin,e1_0.hire_date,e1_0.image,e1_0.mail,e1_0.name,e1_0.password,e1_0.phone,r1_0.id,r1_0.role_name,e1_0.surname,a1_0.end_date,r2_0.id,r2_0.role,r3_0.id,r3_0.image,r3_0.name,ra1_0.id,ra1_0.address,ra1_0.city,ra1_0.cordx,ra1_0.cordy,ra1_0.postal_code,a1_0.start_date from assignement a1_0 join employee e1_0 on e1_0.id=a1_0.employee_id left join role r1_0 on r1_0.id=e1_0.role_id left join responsability r2_0 on r2_0.id=a1_0.responsability_id join restaurant r3_0 on r3_0.id=a1_0.restaurant_id left join restaurant_address ra1_0 on ra1_0.id=r3_0.address_id where (a1_0.employee_id,a1_0.restaurant_id) in ((?,?))
Hibernate: insert into assignement (end_date,responsability_id,start_date,employee_id,restaurant_id) values (?,?,?,?,?)
Hibernate: select a1_0.employee_id,a1_0.restaurant_id,e1_0.id,e1_0.admin,e1_0.hire_date,e1_0.image,e1_0.mail,e1_0.name,e1_0.password,e1_0.phone,r1_0.id,r1_0.role_name,e1_0.surname,a1_0.end_date,r2_0.id,r2_0.role,r3_0.id,r3_0.image,r3_0.name,ra1_0.id,ra1_0.address,ra1_0.city,ra1_0.cordx,ra1_0.cordy,ra1_0.postal_code,a1_0.start_date from assignement a1_0 join employee e1_0 on e1_0.id=a1_0.employee_id left join role r1_0 on r1_0.id=e1_0.role_id left join responsability r2_0 on r2_0.id=a1_0.responsability_id join restaurant r3_0 on r3_0.id=a1_0.restaurant_id left join restaurant_address ra1_0 on ra1_0.id=r3_0.address_id where (a1_0.employee_id,a1_0.restaurant_id) in ((?,?))
Hibernate: update assignement set end_date=?,responsability_id=?,start_date=? where employee_id=? and restaurant_id=?
Hibernate: select a1_0.employee_id,a1_0.restaurant_id,e1_0.id,e1_0.admin,e1_0.hire_date,e1_0.image,e1_0.mail,e1_0.name,e1_0.password,e1_0.phone,r1_0.id,r1_0.role_name,e1_0.surname,a1_0.end_date,r2_0.id,r2_0.role,r3_0.id,r3_0.image,r3_0.name,ra1_0.id,ra1_0.address,ra1_0.city,ra1_0.cordx,ra1_0.cordy,ra1_0.postal_code,a1_0.start_date from assignement a1_0 join employee e1_0 on e1_0.id=a1_0.employee_id left join role r1_0 on r1_0.id=e1_0.role_id left join responsability r2_0 on r2_0.id=a1_0.responsability_id join restaurant r3_0 on r3_0.id=a1_0.restaurant_id left join restaurant_address ra1_0 on ra1_0.id=r3_0.address_id where (a1_0.employee_id,a1_0.restaurant_id) in ((?,?))
Hibernate: insert into assignement (end_date,responsability_id,start_date,employee_id,restaurant_id) values (?,?,?,?,?)
Hibernate: select a1_0.employee_id,a1_0.restaurant_id,e1_0.id,e1_0.admin,e1_0.hire_date,e1_0.image,e1_0.mail,e1_0.name,e1_0.password,e1_0.phone,r1_0.id,r1_0.role_name,e1_0.surname,a1_0.end_date,r2_0.id,r2_0.role,r3_0.id,r3_0.image,r3_0.name,ra1_0.id,ra1_0.address,ra1_0.city,ra1_0.cordx,ra1_0.cordy,ra1_0.postal_code,a1_0.start_date from assignement a1_0 join employee e1_0 on e1_0.id=a1_0.employee_id left join role r1_0 on r1_0.id=e1_0.role_id left join responsability r2_0 on r2_0.id=a1_0.responsability_id join restaurant r3_0 on r3_0.id=a1_0.restaurant_id left join restaurant_address ra1_0 on ra1_0.id=r3_0.address_id where (a1_0.employee_id,a1_0.restaurant_id) in ((?,?))
Hibernate: update assignement set end_date=?,responsability_id=?,start_date=? where employee_id=? and restaurant_id=?
Hibernate: select a1_0.employee_id,a1_0.restaurant_id,e1_0.id,e1_0.admin,e1_0.hire_date,e1_0.image,e1_0.mail,e1_0.name,e1_0.password,e1_0.phone,r1_0.id,r1_0.role_name,e1_0.surname,a1_0.end_date,r2_0.id,r2_0.role,r3_0.id,r3_0.image,r3_0.name,ra1_0.id,ra1_0.address,ra1_0.city,ra1_0.cordx,ra1_0.cordy,ra1_0.postal_code,a1_0.start_date from assignement a1_0 join employee e1_0 on e1_0.id=a1_0.employee_id left join role r1_0 on r1_0.id=e1_0.role_id left join responsability r2_0 on r2_0.id=a1_0.responsability_id join restaurant r3_0 on r3_0.id=a1_0.restaurant_id left join restaurant_address ra1_0 on ra1_0.id=r3_0.address_id where (a1_0.employee_id,a1_0.restaurant_id) in ((?,?))
Hibernate: insert into assignement (end_date,responsability_id,start_date,employee_id,restaurant_id) values (?,?,?,?,?)
Hibernate: select a1_0.employee_id,a1_0.restaurant_id,e1_0.id,e1_0.admin,e1_0.hire_date,e1_0.image,e1_0.mail,e1_0.name,e1_0.password,e1_0.phone,r1_0.id,r1_0.role_name,e1_0.surname,a1_0.end_date,r2_0.id,r2_0.role,r3_0.id,r3_0.image,r3_0.name,ra1_0.id,ra1_0.address,ra1_0.city,ra1_0.cordx,ra1_0.cordy,ra1_0.postal_code,a1_0.start_date from assignement a1_0 join employee e1_0 on e1_0.id=a1_0.employee_id left join role r1_0 on r1_0.id=e1_0.role_id left join responsability r2_0 on r2_0.id=a1_0.responsability_id join restaurant r3_0 on r3_0.id=a1_0.restaurant_id left join restaurant_address ra1_0 on ra1_0.id=r3_0.address_id where (a1_0.employee_id,a1_0.restaurant_id) in ((?,?))
Hibernate: insert into assignement (end_date,responsability_id,start_date,employee_id,restaurant_id) values (?,?,?,?,?)
Hibernate: select a1_0.employee_id,a1_0.restaurant_id,e1_0.id,e1_0.admin,e1_0.hire_date,e1_0.image,e1_0.mail,e1_0.name,e1_0.password,e1_0.phone,r1_0.id,r1_0.role_name,e1_0.surname,a1_0.end_date,r2_0.id,r2_0.role,r3_0.id,r3_0.image,r3_0.name,ra1_0.id,ra1_0.address,ra1_0.city,ra1_0.cordx,ra1_0.cordy,ra1_0.postal_code,a1_0.start_date from assignement a1_0 join employee e1_0 on e1_0.id=a1_0.employee_id left join role r1_0 on r1_0.id=e1_0.role_id left join responsability r2_0 on r2_0.id=a1_0.responsability_id join restaurant r3_0 on r3_0.id=a1_0.restaurant_id left join restaurant_address ra1_0 on ra1_0.id=r3_0.address_id where (a1_0.employee_id,a1_0.restaurant_id) in ((?,?))
Hibernate: insert into assignement (end_date,responsability_id,start_date,employee_id,restaurant_id) values (?,?,?,?,?)
Hibernate: select a1_0.employee_id,a1_0.restaurant_id,e1_0.id,e1_0.admin,e1_0.hire_date,e1_0.image,e1_0.mail,e1_0.name,e1_0.password,e1_0.phone,r1_0.id,r1_0.role_name,e1_0.surname,a1_0.end_date,r2_0.id,r2_0.role,r3_0.id,r3_0.image,r3_0.name,ra1_0.id,ra1_0.address,ra1_0.city,ra1_0.cordx,ra1_0.cordy,ra1_0.postal_code,a1_0.start_date from assignement a1_0 join employee e1_0 on e1_0.id=a1_0.employee_id left join role r1_0 on r1_0.id=e1_0.role_id left join responsability r2_0 on r2_0.id=a1_0.responsability_id join restaurant r3_0 on r3_0.id=a1_0.restaurant_id left join restaurant_address ra1_0 on ra1_0.id=r3_0.address_id where (a1_0.employee_id,a1_0.restaurant_id) in ((?,?))
Hibernate: insert into assignement (end_date,responsability_id,start_date,employee_id,restaurant_id) values (?,?,?,?,?)
Hibernate: select a1_0.employee_id,a1_0.restaurant_id,e1_0.id,e1_0.admin,e1_0.hire_date,e1_0.image,e1_0.mail,e1_0.name,e1_0.password,e1_0.phone,r1_0.id,r1_0.role_name,e1_0.surname,a1_0.end_date,r2_0.id,r2_0.role,r3_0.id,r3_0.image,r3_0.name,ra1_0.id,ra1_0.address,ra1_0.city,ra1_0.cordx,ra1_0.cordy,ra1_0.postal_code,a1_0.start_date from assignement a1_0 join employee e1_0 on e1_0.id=a1_0.employee_id left join role r1_0 on r1_0.id=e1_0.role_id left join responsability r2_0 on r2_0.id=a1_0.responsability_id join restaurant r3_0 on r3_0.id=a1_0.restaurant_id left join restaurant_address ra1_0 on ra1_0.id=r3_0.address_id where (a1_0.employee_id,a1_0.restaurant_id) in ((?,?))
Hibernate: insert into assignement (end_date,responsability_id,start_date,employee_id,restaurant_id) values (?,?,?,?,?)
Hibernate: select a1_0.employee_id,a1_0.restaurant_id,e1_0.id,e1_0.admin,e1_0.hire_date,e1_0.image,e1_0.mail,e1_0.name,e1_0.password,e1_0.phone,r1_0.id,r1_0.role_name,e1_0.surname,a1_0.end_date,r2_0.id,r2_0.role,r3_0.id,r3_0.image,r3_0.name,ra1_0.id,ra1_0.address,ra1_0.city,ra1_0.cordx,ra1_0.cordy,ra1_0.postal_code,a1_0.start_date from assignement a1_0 join employee e1_0 on e1_0.id=a1_0.employee_id left join role r1_0 on r1_0.id=e1_0.role_id left join responsability r2_0 on r2_0.id=a1_0.responsability_id join restaurant r3_0 on r3_0.id=a1_0.restaurant_id left join restaurant_address ra1_0 on ra1_0.id=r3_0.address_id where (a1_0.employee_id,a1_0.restaurant_id) in ((?,?))
Hibernate: update assignement set end_date=?,responsability_id=?,start_date=? where employee_id=? and restaurant_id=?
Hibernate: select a1_0.employee_id,a1_0.restaurant_id,e1_0.id,e1_0.admin,e1_0.hire_date,e1_0.image,e1_0.mail,e1_0.name,e1_0.password,e1_0.phone,r1_0.id,r1_0.role_name,e1_0.surname,a1_0.end_date,r2_0.id,r2_0.role,r3_0.id,r3_0.image,r3_0.name,ra1_0.id,ra1_0.address,ra1_0.city,ra1_0.cordx,ra1_0.cordy,ra1_0.postal_code,a1_0.start_date from assignement a1_0 join employee e1_0 on e1_0.id=a1_0.employee_id left join role r1_0 on r1_0.id=e1_0.role_id left join responsability r2_0 on r2_0.id=a1_0.responsability_id join restaurant r3_0 on r3_0.id=a1_0.restaurant_id left join restaurant_address ra1_0 on ra1_0.id=r3_0.address_id where (a1_0.employee_id,a1_0.restaurant_id) in ((?,?))
Hibernate: insert into assignement (end_date,responsability_id,start_date,employee_id,restaurant_id) values (?,?,?,?,?)
Hibernate: select a1_0.employee_id,a1_0.restaurant_id,e1_0.id,e1_0.admin,e1_0.hire_date,e1_0.image,e1_0.mail,e1_0.name,e1_0.password,e1_0.phone,r1_0.id,r1_0.role_name,e1_0.surname,a1_0.end_date,r2_0.id,r2_0.role,r3_0.id,r3_0.image,r3_0.name,ra1_0.id,ra1_0.address,ra1_0.city,ra1_0.cordx,ra1_0.cordy,ra1_0.postal_code,a1_0.start_date from assignement a1_0 join employee e1_0 on e1_0.id=a1_0.employee_id left join role r1_0 on r1_0.id=e1_0.role_id left join responsability r2_0 on r2_0.id=a1_0.responsability_id join restaurant r3_0 on r3_0.id=a1_0.restaurant_id left join restaurant_address ra1_0 on ra1_0.id=r3_0.address_id where (a1_0.employee_id,a1_0.restaurant_id) in ((?,?))
Hibernate: insert into assignement (end_date,responsability_id,start_date,employee_id,restaurant_id) values (?,?,?,?,?)
Hibernate: select a1_0.employee_id,a1_0.restaurant_id,e1_0.id,e1_0.admin,e1_0.hire_date,e1_0.image,e1_0.mail,e1_0.name,e1_0.password,e1_0.phone,r1_0.id,r1_0.role_name,e1_0.surname,a1_0.end_date,r2_0.id,r2_0.role,r3_0.id,r3_0.image,r3_0.name,ra1_0.id,ra1_0.address,ra1_0.city,ra1_0.cordx,ra1_0.cordy,ra1_0.postal_code,a1_0.start_date from assignement a1_0 join employee e1_0 on e1_0.id=a1_0.employee_id left join role r1_0 on r1_0.id=e1_0.role_id left join responsability r2_0 on r2_0.id=a1_0.responsability_id join restaurant r3_0 on r3_0.id=a1_0.restaurant_id left join restaurant_address ra1_0 on ra1_0.id=r3_0.address_id where (a1_0.employee_id,a1_0.restaurant_id) in ((?,?))
Hibernate: insert into assignement (end_date,responsability_id,start_date,employee_id,restaurant_id) values (?,?,?,?,?)
Hibernate: select a1_0.employee_id,a1_0.restaurant_id,e1_0.id,e1_0.admin,e1_0.hire_date,e1_0.image,e1_0.mail,e1_0.name,e1_0.password,e1_0.phone,r1_0.id,r1_0.role_name,e1_0.surname,a1_0.end_date,r2_0.id,r2_0.role,r3_0.id,r3_0.image,r3_0.name,ra1_0.id,ra1_0.address,ra1_0.city,ra1_0.cordx,ra1_0.cordy,ra1_0.postal_code,a1_0.start_date from assignement a1_0 join employee e1_0 on e1_0.id=a1_0.employee_id left join role r1_0 on r1_0.id=e1_0.role_id left join responsability r2_0 on r2_0.id=a1_0.responsability_id join restaurant r3_0 on r3_0.id=a1_0.restaurant_id left join restaurant_address ra1_0 on ra1_0.id=r3_0.address_id where (a1_0.employee_id,a1_0.restaurant_id) in ((?,?))
Hibernate: insert into assignement (end_date,responsability_id,start_date,employee_id,restaurant_id) values (?,?,?,?,?)
Hibernate: select a1_0.employee_id,a1_0.restaurant_id,e1_0.id,e1_0.admin,e1_0.hire_date,e1_0.image,e1_0.mail,e1_0.name,e1_0.password,e1_0.phone,r1_0.id,r1_0.role_name,e1_0.surname,a1_0.end_date,r2_0.id,r2_0.role,r3_0.id,r3_0.image,r3_0.name,ra1_0.id,ra1_0.address,ra1_0.city,ra1_0.cordx,ra1_0.cordy,ra1_0.postal_code,a1_0.start_date from assignement a1_0 join employee e1_0 on e1_0.id=a1_0.employee_id left join role r1_0 on r1_0.id=e1_0.role_id left join responsability r2_0 on r2_0.id=a1_0.responsability_id join restaurant r3_0 on r3_0.id=a1_0.restaurant_id left join restaurant_address ra1_0 on ra1_0.id=r3_0.address_id where (a1_0.employee_id,a1_0.restaurant_id) in ((?,?))
Hibernate: insert into assignement (end_date,responsability_id,start_date,employee_id,restaurant_id) values (?,?,?,?,?)
Hibernate: select a1_0.employee_id,a1_0.restaurant_id,e1_0.id,e1_0.admin,e1_0.hire_date,e1_0.image,e1_0.mail,e1_0.name,e1_0.password,e1_0.phone,r1_0.id,r1_0.role_name,e1_0.surname,a1_0.end_date,r2_0.id,r2_0.role,r3_0.id,r3_0.image,r3_0.name,ra1_0.id,ra1_0.address,ra1_0.city,ra1_0.cordx,ra1_0.cordy,ra1_0.postal_code,a1_0.start_date from assignement a1_0 join employee e1_0 on e1_0.id=a1_0.employee_id left join role r1_0 on r1_0.id=e1_0.role_id left join responsability r2_0 on r2_0.id=a1_0.responsability_id join restaurant r3_0 on r3_0.id=a1_0.restaurant_id left join restaurant_address ra1_0 on ra1_0.id=r3_0.address_id where (a1_0.employee_id,a1_0.restaurant_id) in ((?,?))
Hibernate: update assignement set end_date=?,responsability_id=?,start_date=? where employee_id=? and restaurant_id=?
Hibernate: select a1_0.employee_id,a1_0.restaurant_id,e1_0.id,e1_0.admin,e1_0.hire_date,e1_0.image,e1_0.mail,e1_0.name,e1_0.password,e1_0.phone,r1_0.id,r1_0.role_name,e1_0.surname,a1_0.end_date,r2_0.id,r2_0.role,r3_0.id,r3_0.image,r3_0.name,ra1_0.id,ra1_0.address,ra1_0.city,ra1_0.cordx,ra1_0.cordy,ra1_0.postal_code,a1_0.start_date from assignement a1_0 join employee e1_0 on e1_0.id=a1_0.employee_id left join role r1_0 on r1_0.id=e1_0.role_id left join responsability r2_0 on r2_0.id=a1_0.responsability_id join restaurant r3_0 on r3_0.id=a1_0.restaurant_id left join restaurant_address ra1_0 on ra1_0.id=r3_0.address_id where (a1_0.employee_id,a1_0.restaurant_id) in ((?,?))
Hibernate: insert into assignement (end_date,responsability_id,start_date,employee_id,restaurant_id) values (?,?,?,?,?)
Hibernate: select a1_0.employee_id,a1_0.restaurant_id,e1_0.id,e1_0.admin,e1_0.hire_date,e1_0.image,e1_0.mail,e1_0.name,e1_0.password,e1_0.phone,r1_0.id,r1_0.role_name,e1_0.surname,a1_0.end_date,r2_0.id,r2_0.role,r3_0.id,r3_0.image,r3_0.name,ra1_0.id,ra1_0.address,ra1_0.city,ra1_0.cordx,ra1_0.cordy,ra1_0.postal_code,a1_0.start_date from assignement a1_0 join employee e1_0 on e1_0.id=a1_0.employee_id left join role r1_0 on r1_0.id=e1_0.role_id left join responsability r2_0 on r2_0.id=a1_0.responsability_id join restaurant r3_0 on r3_0.id=a1_0.restaurant_id left join restaurant_address ra1_0 on ra1_0.id=r3_0.address_id where (a1_0.employee_id,a1_0.restaurant_id) in ((?,?))
Hibernate: insert into assignement (end_date,responsability_id,start_date,employee_id,restaurant_id) values (?,?,?,?,?)
Hibernate: select a1_0.employee_id,a1_0.restaurant_id,e1_0.id,e1_0.admin,e1_0.hire_date,e1_0.image,e1_0.mail,e1_0.name,e1_0.password,e1_0.phone,r1_0.id,r1_0.role_name,e1_0.surname,a1_0.end_date,r2_0.id,r2_0.role,r3_0.id,r3_0.image,r3_0.name,ra1_0.id,ra1_0.address,ra1_0.city,ra1_0.cordx,ra1_0.cordy,ra1_0.postal_code,a1_0.start_date from assignement a1_0 join employee e1_0 on e1_0.id=a1_0.employee_id left join role r1_0 on r1_0.id=e1_0.role_id left join responsability r2_0 on r2_0.id=a1_0.responsability_id join restaurant r3_0 on r3_0.id=a1_0.restaurant_id left join restaurant_address ra1_0 on ra1_0.id=r3_0.address_id where (a1_0.employee_id,a1_0.restaurant_id) in ((?,?))
Hibernate: insert into assignement (end_date,responsability_id,start_date,employee_id,restaurant_id) values (?,?,?,?,?)
Hibernate: select a1_0.employee_id,a1_0.restaurant_id,e1_0.id,e1_0.admin,e1_0.hire_date,e1_0.image,e1_0.mail,e1_0.name,e1_0.password,e1_0.phone,r1_0.id,r1_0.role_name,e1_0.surname,a1_0.end_date,r2_0.id,r2_0.role,r3_0.id,r3_0.image,r3_0.name,ra1_0.id,ra1_0.address,ra1_0.city,ra1_0.cordx,ra1_0.cordy,ra1_0.postal_code,a1_0.start_date from assignement a1_0 join employee e1_0 on e1_0.id=a1_0.employee_id left join role r1_0 on r1_0.id=e1_0.role_id left join responsability r2_0 on r2_0.id=a1_0.responsability_id join restaurant r3_0 on r3_0.id=a1_0.restaurant_id left join restaurant_address ra1_0 on ra1_0.id=r3_0.address_id where (a1_0.employee_id,a1_0.restaurant_id) in ((?,?))
Hibernate: insert into assignement (end_date,responsability_id,start_date,employee_id,restaurant_id) values (?,?,?,?,?)
Hibernate: select a1_0.employee_id,a1_0.restaurant_id,e1_0.id,e1_0.admin,e1_0.hire_date,e1_0.image,e1_0.mail,e1_0.name,e1_0.password,e1_0.phone,r1_0.id,r1_0.role_name,e1_0.surname,a1_0.end_date,r2_0.id,r2_0.role,r3_0.id,r3_0.image,r3_0.name,ra1_0.id,ra1_0.address,ra1_0.city,ra1_0.cordx,ra1_0.cordy,ra1_0.postal_code,a1_0.start_date from assignement a1_0 join employee e1_0 on e1_0.id=a1_0.employee_id left join role r1_0 on r1_0.id=e1_0.role_id left join responsability r2_0 on r2_0.id=a1_0.responsability_id join restaurant r3_0 on r3_0.id=a1_0.restaurant_id left join restaurant_address ra1_0 on ra1_0.id=r3_0.address_id where (a1_0.employee_id,a1_0.restaurant_id) in ((?,?))
Hibernate: insert into assignement (end_date,responsability_id,start_date,employee_id,restaurant_id) values (?,?,?,?,?)
Hibernate: select a1_0.employee_id,a1_0.restaurant_id,e1_0.id,e1_0.admin,e1_0.hire_date,e1_0.image,e1_0.mail,e1_0.name,e1_0.password,e1_0.phone,r1_0.id,r1_0.role_name,e1_0.surname,a1_0.end_date,r2_0.id,r2_0.role,r3_0.id,r3_0.image,r3_0.name,ra1_0.id,ra1_0.address,ra1_0.city,ra1_0.cordx,ra1_0.cordy,ra1_0.postal_code,a1_0.start_date from assignement a1_0 join employee e1_0 on e1_0.id=a1_0.employee_id left join role r1_0 on r1_0.id=e1_0.role_id left join responsability r2_0 on r2_0.id=a1_0.responsability_id join restaurant r3_0 on r3_0.id=a1_0.restaurant_id left join restaurant_address ra1_0 on ra1_0.id=r3_0.address_id where (a1_0.employee_id,a1_0.restaurant_id) in ((?,?))
Hibernate: insert into assignement (end_date,responsability_id,start_date,employee_id,restaurant_id) values (?,?,?,?,?)
Hibernate: select a1_0.employee_id,a1_0.restaurant_id,e1_0.id,e1_0.admin,e1_0.hire_date,e1_0.image,e1_0.mail,e1_0.name,e1_0.password,e1_0.phone,r1_0.id,r1_0.role_name,e1_0.surname,a1_0.end_date,r2_0.id,r2_0.role,r3_0.id,r3_0.image,r3_0.name,ra1_0.id,ra1_0.address,ra1_0.city,ra1_0.cordx,ra1_0.cordy,ra1_0.postal_code,a1_0.start_date from assignement a1_0 join employee e1_0 on e1_0.id=a1_0.employee_id left join role r1_0 on r1_0.id=e1_0.role_id left join responsability r2_0 on r2_0.id=a1_0.responsability_id join restaurant r3_0 on r3_0.id=a1_0.restaurant_id left join restaurant_address ra1_0 on ra1_0.id=r3_0.address_id where (a1_0.employee_id,a1_0.restaurant_id) in ((?,?))
Hibernate: insert into assignement (end_date,responsability_id,start_date,employee_id,restaurant_id) values (?,?,?,?,?)
Hibernate: select a1_0.employee_id,a1_0.restaurant_id,e1_0.id,e1_0.admin,e1_0.hire_date,e1_0.image,e1_0.mail,e1_0.name,e1_0.password,e1_0.phone,r1_0.id,r1_0.role_name,e1_0.surname,a1_0.end_date,r2_0.id,r2_0.role,r3_0.id,r3_0.image,r3_0.name,ra1_0.id,ra1_0.address,ra1_0.city,ra1_0.cordx,ra1_0.cordy,ra1_0.postal_code,a1_0.start_date from assignement a1_0 join employee e1_0 on e1_0.id=a1_0.employee_id left join role r1_0 on r1_0.id=e1_0.role_id left join responsability r2_0 on r2_0.id=a1_0.responsability_id join restaurant r3_0 on r3_0.id=a1_0.restaurant_id left join restaurant_address ra1_0 on ra1_0.id=r3_0.address_id where (a1_0.employee_id,a1_0.restaurant_id) in ((?,?))
Hibernate: insert into assignement (end_date,responsability_id,start_date,employee_id,restaurant_id) values (?,?,?,?,?)
Hibernate: select a1_0.employee_id,a1_0.restaurant_id,e1_0.id,e1_0.admin,e1_0.hire_date,e1_0.image,e1_0.mail,e1_0.name,e1_0.password,e1_0.phone,r1_0.id,r1_0.role_name,e1_0.surname,a1_0.end_date,r2_0.id,r2_0.role,r3_0.id,r3_0.image,r3_0.name,ra1_0.id,ra1_0.address,ra1_0.city,ra1_0.cordx,ra1_0.cordy,ra1_0.postal_code,a1_0.start_date from assignement a1_0 join employee e1_0 on e1_0.id=a1_0.employee_id left join role r1_0 on r1_0.id=e1_0.role_id left join responsability r2_0 on r2_0.id=a1_0.responsability_id join restaurant r3_0 on r3_0.id=a1_0.restaurant_id left join restaurant_address ra1_0 on ra1_0.id=r3_0.address_id where (a1_0.employee_id,a1_0.restaurant_id) in ((?,?))
Hibernate: insert into assignement (end_date,responsability_id,start_date,employee_id,restaurant_id) values (?,?,?,?,?)
Hibernate: select a1_0.employee_id,a1_0.restaurant_id,e1_0.id,e1_0.admin,e1_0.hire_date,e1_0.image,e1_0.mail,e1_0.name,e1_0.password,e1_0.phone,r1_0.id,r1_0.role_name,e1_0.surname,a1_0.end_date,r2_0.id,r2_0.role,r3_0.id,r3_0.image,r3_0.name,ra1_0.id,ra1_0.address,ra1_0.city,ra1_0.cordx,ra1_0.cordy,ra1_0.postal_code,a1_0.start_date from assignement a1_0 join employee e1_0 on e1_0.id=a1_0.employee_id left join role r1_0 on r1_0.id=e1_0.role_id left join responsability r2_0 on r2_0.id=a1_0.responsability_id join restaurant r3_0 on r3_0.id=a1_0.restaurant_id left join restaurant_address ra1_0 on ra1_0.id=r3_0.address_id where (a1_0.employee_id,a1_0.restaurant_id) in ((?,?))
Hibernate: insert into assignement (end_date,responsability_id,start_date,employee_id,restaurant_id) values (?,?,?,?,?)
Hibernate: select a1_0.employee_id,a1_0.restaurant_id,e1_0.id,e1_0.admin,e1_0.hire_date,e1_0.image,e1_0.mail,e1_0.name,e1_0.password,e1_0.phone,r1_0.id,r1_0.role_name,e1_0.surname,a1_0.end_date,r2_0.id,r2_0.role,r3_0.id,r3_0.image,r3_0.name,ra1_0.id,ra1_0.address,ra1_0.city,ra1_0.cordx,ra1_0.cordy,ra1_0.postal_code,a1_0.start_date from assignement a1_0 join employee e1_0 on e1_0.id=a1_0.employee_id left join role r1_0 on r1_0.id=e1_0.role_id left join responsability r2_0 on r2_0.id=a1_0.responsability_id join restaurant r3_0 on r3_0.id=a1_0.restaurant_id left join restaurant_address ra1_0 on ra1_0.id=r3_0.address_id where (a1_0.employee_id,a1_0.restaurant_id) in ((?,?))
Hibernate: insert into assignement (end_date,responsability_id,start_date,employee_id,restaurant_id) values (?,?,?,?,?)
Hibernate: select a1_0.employee_id,a1_0.restaurant_id,e1_0.id,e1_0.admin,e1_0.hire_date,e1_0.image,e1_0.mail,e1_0.name,e1_0.password,e1_0.phone,r1_0.id,r1_0.role_name,e1_0.surname,a1_0.end_date,r2_0.id,r2_0.role,r3_0.id,r3_0.image,r3_0.name,ra1_0.id,ra1_0.address,ra1_0.city,ra1_0.cordx,ra1_0.cordy,ra1_0.postal_code,a1_0.start_date from assignement a1_0 join employee e1_0 on e1_0.id=a1_0.employee_id left join role r1_0 on r1_0.id=e1_0.role_id left join responsability r2_0 on r2_0.id=a1_0.responsability_id join restaurant r3_0 on r3_0.id=a1_0.restaurant_id left join restaurant_address ra1_0 on ra1_0.id=r3_0.address_id where (a1_0.employee_id,a1_0.restaurant_id) in ((?,?))
Hibernate: insert into assignement (end_date,responsability_id,start_date,employee_id,restaurant_id) values (?,?,?,?,?)
Hibernate: select a1_0.employee_id,a1_0.restaurant_id,e1_0.id,e1_0.admin,e1_0.hire_date,e1_0.image,e1_0.mail,e1_0.name,e1_0.password,e1_0.phone,r1_0.id,r1_0.role_name,e1_0.surname,a1_0.end_date,r2_0.id,r2_0.role,r3_0.id,r3_0.image,r3_0.name,ra1_0.id,ra1_0.address,ra1_0.city,ra1_0.cordx,ra1_0.cordy,ra1_0.postal_code,a1_0.start_date from assignement a1_0 join employee e1_0 on e1_0.id=a1_0.employee_id left join role r1_0 on r1_0.id=e1_0.role_id left join responsability r2_0 on r2_0.id=a1_0.responsability_id join restaurant r3_0 on r3_0.id=a1_0.restaurant_id left join restaurant_address ra1_0 on ra1_0.id=r3_0.address_id where (a1_0.employee_id,a1_0.restaurant_id) in ((?,?))
Hibernate: insert into assignement (end_date,responsability_id,start_date,employee_id,restaurant_id) values (?,?,?,?,?)
Hibernate: select a1_0.employee_id,a1_0.restaurant_id,e1_0.id,e1_0.admin,e1_0.hire_date,e1_0.image,e1_0.mail,e1_0.name,e1_0.password,e1_0.phone,r1_0.id,r1_0.role_name,e1_0.surname,a1_0.end_date,r2_0.id,r2_0.role,r3_0.id,r3_0.image,r3_0.name,ra1_0.id,ra1_0.address,ra1_0.city,ra1_0.cordx,ra1_0.cordy,ra1_0.postal_code,a1_0.start_date from assignement a1_0 join employee e1_0 on e1_0.id=a1_0.employee_id left join role r1_0 on r1_0.id=e1_0.role_id left join responsability r2_0 on r2_0.id=a1_0.responsability_id join restaurant r3_0 on r3_0.id=a1_0.restaurant_id left join restaurant_address ra1_0 on ra1_0.id=r3_0.address_id where (a1_0.employee_id,a1_0.restaurant_id) in ((?,?))
Hibernate: insert into assignement (end_date,responsability_id,start_date,employee_id,restaurant_id) values (?,?,?,?,?)
Hibernate: select a1_0.employee_id,a1_0.restaurant_id,e1_0.id,e1_0.admin,e1_0.hire_date,e1_0.image,e1_0.mail,e1_0.name,e1_0.password,e1_0.phone,r1_0.id,r1_0.role_name,e1_0.surname,a1_0.end_date,r2_0.id,r2_0.role,r3_0.id,r3_0.image,r3_0.name,ra1_0.id,ra1_0.address,ra1_0.city,ra1_0.cordx,ra1_0.cordy,ra1_0.postal_code,a1_0.start_date from assignement a1_0 join employee e1_0 on e1_0.id=a1_0.employee_id left join role r1_0 on r1_0.id=e1_0.role_id left join responsability r2_0 on r2_0.id=a1_0.responsability_id join restaurant r3_0 on r3_0.id=a1_0.restaurant_id left join restaurant_address ra1_0 on ra1_0.id=r3_0.address_id where (a1_0.employee_id,a1_0.restaurant_id) in ((?,?))
Hibernate: insert into assignement (end_date,responsability_id,start_date,employee_id,restaurant_id) values (?,?,?,?,?)
Hibernate: select a1_0.employee_id,a1_0.restaurant_id,e1_0.id,e1_0.admin,e1_0.hire_date,e1_0.image,e1_0.mail,e1_0.name,e1_0.password,e1_0.phone,r1_0.id,r1_0.role_name,e1_0.surname,a1_0.end_date,r2_0.id,r2_0.role,r3_0.id,r3_0.image,r3_0.name,ra1_0.id,ra1_0.address,ra1_0.city,ra1_0.cordx,ra1_0.cordy,ra1_0.postal_code,a1_0.start_date from assignement a1_0 join employee e1_0 on e1_0.id=a1_0.employee_id left join role r1_0 on r1_0.id=e1_0.role_id left join responsability r2_0 on r2_0.id=a1_0.responsability_id join restaurant r3_0 on r3_0.id=a1_0.restaurant_id left join restaurant_address ra1_0 on ra1_0.id=r3_0.address_id where (a1_0.employee_id,a1_0.restaurant_id) in ((?,?))
Hibernate: insert into assignement (end_date,responsability_id,start_date,employee_id,restaurant_id) values (?,?,?,?,?)
Hibernate: select a1_0.employee_id,a1_0.restaurant_id,e1_0.id,e1_0.admin,e1_0.hire_date,e1_0.image,e1_0.mail,e1_0.name,e1_0.password,e1_0.phone,r1_0.id,r1_0.role_name,e1_0.surname,a1_0.end_date,r2_0.id,r2_0.role,r3_0.id,r3_0.image,r3_0.name,ra1_0.id,ra1_0.address,ra1_0.city,ra1_0.cordx,ra1_0.cordy,ra1_0.postal_code,a1_0.start_date from assignement a1_0 join employee e1_0 on e1_0.id=a1_0.employee_id left join role r1_0 on r1_0.id=e1_0.role_id left join responsability r2_0 on r2_0.id=a1_0.responsability_id join restaurant r3_0 on r3_0.id=a1_0.restaurant_id left join restaurant_address ra1_0 on ra1_0.id=r3_0.address_id where (a1_0.employee_id,a1_0.restaurant_id) in ((?,?))
Hibernate: insert into assignement (end_date,responsability_id,start_date,employee_id,restaurant_id) values (?,?,?,?,?)
Hibernate: select a1_0.employee_id,a1_0.restaurant_id,e1_0.id,e1_0.admin,e1_0.hire_date,e1_0.image,e1_0.mail,e1_0.name,e1_0.password,e1_0.phone,r1_0.id,r1_0.role_name,e1_0.surname,a1_0.end_date,r2_0.id,r2_0.role,r3_0.id,r3_0.image,r3_0.name,ra1_0.id,ra1_0.address,ra1_0.city,ra1_0.cordx,ra1_0.cordy,ra1_0.postal_code,a1_0.start_date from assignement a1_0 join employee e1_0 on e1_0.id=a1_0.employee_id left join role r1_0 on r1_0.id=e1_0.role_id left join responsability r2_0 on r2_0.id=a1_0.responsability_id join restaurant r3_0 on r3_0.id=a1_0.restaurant_id left join restaurant_address ra1_0 on ra1_0.id=r3_0.address_id where (a1_0.employee_id,a1_0.restaurant_id) in ((?,?))
Hibernate: insert into assignement (end_date,responsability_id,start_date,employee_id,restaurant_id) values (?,?,?,?,?)
Hibernate: select a1_0.employee_id,a1_0.restaurant_id,e1_0.id,e1_0.admin,e1_0.hire_date,e1_0.image,e1_0.mail,e1_0.name,e1_0.password,e1_0.phone,r1_0.id,r1_0.role_name,e1_0.surname,a1_0.end_date,r2_0.id,r2_0.role,r3_0.id,r3_0.image,r3_0.name,ra1_0.id,ra1_0.address,ra1_0.city,ra1_0.cordx,ra1_0.cordy,ra1_0.postal_code,a1_0.start_date from assignement a1_0 join employee e1_0 on e1_0.id=a1_0.employee_id left join role r1_0 on r1_0.id=e1_0.role_id left join responsability r2_0 on r2_0.id=a1_0.responsability_id join restaurant r3_0 on r3_0.id=a1_0.restaurant_id left join restaurant_address ra1_0 on ra1_0.id=r3_0.address_id where (a1_0.employee_id,a1_0.restaurant_id) in ((?,?))
Hibernate: insert into assignement (end_date,responsability_id,start_date,employee_id,restaurant_id) values (?,?,?,?,?)
Hibernate: select a1_0.employee_id,a1_0.restaurant_id,e1_0.id,e1_0.admin,e1_0.hire_date,e1_0.image,e1_0.mail,e1_0.name,e1_0.password,e1_0.phone,r1_0.id,r1_0.role_name,e1_0.surname,a1_0.end_date,r2_0.id,r2_0.role,r3_0.id,r3_0.image,r3_0.name,ra1_0.id,ra1_0.address,ra1_0.city,ra1_0.cordx,ra1_0.cordy,ra1_0.postal_code,a1_0.start_date from assignement a1_0 join employee e1_0 on e1_0.id=a1_0.employee_id left join role r1_0 on r1_0.id=e1_0.role_id left join responsability r2_0 on r2_0.id=a1_0.responsability_id join restaurant r3_0 on r3_0.id=a1_0.restaurant_id left join restaurant_address ra1_0 on ra1_0.id=r3_0.address_id where (a1_0.employee_id,a1_0.restaurant_id) in ((?,?))
Hibernate: insert into assignement (end_date,responsability_id,start_date,employee_id,restaurant_id) values (?,?,?,?,?)
Hibernate: select a1_0.employee_id,a1_0.restaurant_id,e1_0.id,e1_0.admin,e1_0.hire_date,e1_0.image,e1_0.mail,e1_0.name,e1_0.password,e1_0.phone,r1_0.id,r1_0.role_name,e1_0.surname,a1_0.end_date,r2_0.id,r2_0.role,r3_0.id,r3_0.image,r3_0.name,ra1_0.id,ra1_0.address,ra1_0.city,ra1_0.cordx,ra1_0.cordy,ra1_0.postal_code,a1_0.start_date from assignement a1_0 join employee e1_0 on e1_0.id=a1_0.employee_id left join role r1_0 on r1_0.id=e1_0.role_id left join responsability r2_0 on r2_0.id=a1_0.responsability_id join restaurant r3_0 on r3_0.id=a1_0.restaurant_id left join restaurant_address ra1_0 on ra1_0.id=r3_0.address_id where (a1_0.employee_id,a1_0.restaurant_id) in ((?,?))
Hibernate: insert into assignement (end_date,responsability_id,start_date,employee_id,restaurant_id) values (?,?,?,?,?)
Hibernate: select a1_0.employee_id,a1_0.restaurant_id,e1_0.id,e1_0.admin,e1_0.hire_date,e1_0.image,e1_0.mail,e1_0.name,e1_0.password,e1_0.phone,r1_0.id,r1_0.role_name,e1_0.surname,a1_0.end_date,r2_0.id,r2_0.role,r3_0.id,r3_0.image,r3_0.name,ra1_0.id,ra1_0.address,ra1_0.city,ra1_0.cordx,ra1_0.cordy,ra1_0.postal_code,a1_0.start_date from assignement a1_0 join employee e1_0 on e1_0.id=a1_0.employee_id left join role r1_0 on r1_0.id=e1_0.role_id left join responsability r2_0 on r2_0.id=a1_0.responsability_id join restaurant r3_0 on r3_0.id=a1_0.restaurant_id left join restaurant_address ra1_0 on ra1_0.id=r3_0.address_id where (a1_0.employee_id,a1_0.restaurant_id) in ((?,?))
Hibernate: update assignement set end_date=?,responsability_id=?,start_date=? where employee_id=? and restaurant_id=?
Hibernate: select a1_0.employee_id,a1_0.restaurant_id,e1_0.id,e1_0.admin,e1_0.hire_date,e1_0.image,e1_0.mail,e1_0.name,e1_0.password,e1_0.phone,r1_0.id,r1_0.role_name,e1_0.surname,a1_0.end_date,r2_0.id,r2_0.role,r3_0.id,r3_0.image,r3_0.name,ra1_0.id,ra1_0.address,ra1_0.city,ra1_0.cordx,ra1_0.cordy,ra1_0.postal_code,a1_0.start_date from assignement a1_0 join employee e1_0 on e1_0.id=a1_0.employee_id left join role r1_0 on r1_0.id=e1_0.role_id left join responsability r2_0 on r2_0.id=a1_0.responsability_id join restaurant r3_0 on r3_0.id=a1_0.restaurant_id left join restaurant_address ra1_0 on ra1_0.id=r3_0.address_id where (a1_0.employee_id,a1_0.restaurant_id) in ((?,?))
Hibernate: insert into assignement (end_date,responsability_id,start_date,employee_id,restaurant_id) values (?,?,?,?,?)
Hibernate: select a1_0.employee_id,a1_0.restaurant_id,e1_0.id,e1_0.admin,e1_0.hire_date,e1_0.image,e1_0.mail,e1_0.name,e1_0.password,e1_0.phone,r1_0.id,r1_0.role_name,e1_0.surname,a1_0.end_date,r2_0.id,r2_0.role,r3_0.id,r3_0.image,r3_0.name,ra1_0.id,ra1_0.address,ra1_0.city,ra1_0.cordx,ra1_0.cordy,ra1_0.postal_code,a1_0.start_date from assignement a1_0 join employee e1_0 on e1_0.id=a1_0.employee_id left join role r1_0 on r1_0.id=e1_0.role_id left join responsability r2_0 on r2_0.id=a1_0.responsability_id join restaurant r3_0 on r3_0.id=a1_0.restaurant_id left join restaurant_address ra1_0 on ra1_0.id=r3_0.address_id where (a1_0.employee_id,a1_0.restaurant_id) in ((?,?))
Hibernate: insert into assignement (end_date,responsability_id,start_date,employee_id,restaurant_id) values (?,?,?,?,?)
Hibernate: select a1_0.employee_id,a1_0.restaurant_id,e1_0.id,e1_0.admin,e1_0.hire_date,e1_0.image,e1_0.mail,e1_0.name,e1_0.password,e1_0.phone,r1_0.id,r1_0.role_name,e1_0.surname,a1_0.end_date,r2_0.id,r2_0.role,r3_0.id,r3_0.image,r3_0.name,ra1_0.id,ra1_0.address,ra1_0.city,ra1_0.cordx,ra1_0.cordy,ra1_0.postal_code,a1_0.start_date from assignement a1_0 join employee e1_0 on e1_0.id=a1_0.employee_id left join role r1_0 on r1_0.id=e1_0.role_id left join responsability r2_0 on r2_0.id=a1_0.responsability_id join restaurant r3_0 on r3_0.id=a1_0.restaurant_id left join restaurant_address ra1_0 on ra1_0.id=r3_0.address_id where (a1_0.employee_id,a1_0.restaurant_id) in ((?,?))
Hibernate: insert into assignement (end_date,responsability_id,start_date,employee_id,restaurant_id) values (?,?,?,?,?)
Hibernate: select a1_0.employee_id,a1_0.restaurant_id,e1_0.id,e1_0.admin,e1_0.hire_date,e1_0.image,e1_0.mail,e1_0.name,e1_0.password,e1_0.phone,r1_0.id,r1_0.role_name,e1_0.surname,a1_0.end_date,r2_0.id,r2_0.role,r3_0.id,r3_0.image,r3_0.name,ra1_0.id,ra1_0.address,ra1_0.city,ra1_0.cordx,ra1_0.cordy,ra1_0.postal_code,a1_0.start_date from assignement a1_0 join employee e1_0 on e1_0.id=a1_0.employee_id left join role r1_0 on r1_0.id=e1_0.role_id left join responsability r2_0 on r2_0.id=a1_0.responsability_id join restaurant r3_0 on r3_0.id=a1_0.restaurant_id left join restaurant_address ra1_0 on ra1_0.id=r3_0.address_id where (a1_0.employee_id,a1_0.restaurant_id) in ((?,?))
Hibernate: insert into assignement (end_date,responsability_id,start_date,employee_id,restaurant_id) values (?,?,?,?,?)
Hibernate: select a1_0.employee_id,a1_0.restaurant_id,e1_0.id,e1_0.admin,e1_0.hire_date,e1_0.image,e1_0.mail,e1_0.name,e1_0.password,e1_0.phone,r1_0.id,r1_0.role_name,e1_0.surname,a1_0.end_date,r2_0.id,r2_0.role,r3_0.id,r3_0.image,r3_0.name,ra1_0.id,ra1_0.address,ra1_0.city,ra1_0.cordx,ra1_0.cordy,ra1_0.postal_code,a1_0.start_date from assignement a1_0 join employee e1_0 on e1_0.id=a1_0.employee_id left join role r1_0 on r1_0.id=e1_0.role_id left join responsability r2_0 on r2_0.id=a1_0.responsability_id join restaurant r3_0 on r3_0.id=a1_0.restaurant_id left join restaurant_address ra1_0 on ra1_0.id=r3_0.address_id where (a1_0.employee_id,a1_0.restaurant_id) in ((?,?))
Hibernate: insert into assignement (end_date,responsability_id,start_date,employee_id,restaurant_id) values (?,?,?,?,?)
Hibernate: select a1_0.employee_id,a1_0.restaurant_id,e1_0.id,e1_0.admin,e1_0.hire_date,e1_0.image,e1_0.mail,e1_0.name,e1_0.password,e1_0.phone,r1_0.id,r1_0.role_name,e1_0.surname,a1_0.end_date,r2_0.id,r2_0.role,r3_0.id,r3_0.image,r3_0.name,ra1_0.id,ra1_0.address,ra1_0.city,ra1_0.cordx,ra1_0.cordy,ra1_0.postal_code,a1_0.start_date from assignement a1_0 join employee e1_0 on e1_0.id=a1_0.employee_id left join role r1_0 on r1_0.id=e1_0.role_id left join responsability r2_0 on r2_0.id=a1_0.responsability_id join restaurant r3_0 on r3_0.id=a1_0.restaurant_id left join restaurant_address ra1_0 on ra1_0.id=r3_0.address_id where (a1_0.employee_id,a1_0.restaurant_id) in ((?,?))
Hibernate: insert into assignement (end_date,responsability_id,start_date,employee_id,restaurant_id) values (?,?,?,?,?)
Hibernate: select a1_0.employee_id,a1_0.restaurant_id,e1_0.id,e1_0.admin,e1_0.hire_date,e1_0.image,e1_0.mail,e1_0.name,e1_0.password,e1_0.phone,r1_0.id,r1_0.role_name,e1_0.surname,a1_0.end_date,r2_0.id,r2_0.role,r3_0.id,r3_0.image,r3_0.name,ra1_0.id,ra1_0.address,ra1_0.city,ra1_0.cordx,ra1_0.cordy,ra1_0.postal_code,a1_0.start_date from assignement a1_0 join employee e1_0 on e1_0.id=a1_0.employee_id left join role r1_0 on r1_0.id=e1_0.role_id left join responsability r2_0 on r2_0.id=a1_0.responsability_id join restaurant r3_0 on r3_0.id=a1_0.restaurant_id left join restaurant_address ra1_0 on ra1_0.id=r3_0.address_id where (a1_0.employee_id,a1_0.restaurant_id) in ((?,?))
Hibernate: insert into assignement (end_date,responsability_id,start_date,employee_id,restaurant_id) values (?,?,?,?,?)
Hibernate: select a1_0.employee_id,a1_0.restaurant_id,e1_0.id,e1_0.admin,e1_0.hire_date,e1_0.image,e1_0.mail,e1_0.name,e1_0.password,e1_0.phone,r1_0.id,r1_0.role_name,e1_0.surname,a1_0.end_date,r2_0.id,r2_0.role,r3_0.id,r3_0.image,r3_0.name,ra1_0.id,ra1_0.address,ra1_0.city,ra1_0.cordx,ra1_0.cordy,ra1_0.postal_code,a1_0.start_date from assignement a1_0 join employee e1_0 on e1_0.id=a1_0.employee_id left join role r1_0 on r1_0.id=e1_0.role_id left join responsability r2_0 on r2_0.id=a1_0.responsability_id join restaurant r3_0 on r3_0.id=a1_0.restaurant_id left join restaurant_address ra1_0 on ra1_0.id=r3_0.address_id where (a1_0.employee_id,a1_0.restaurant_id) in ((?,?))
Hibernate: insert into assignement (end_date,responsability_id,start_date,employee_id,restaurant_id) values (?,?,?,?,?)
Hibernate: select a1_0.employee_id,a1_0.restaurant_id,e1_0.id,e1_0.admin,e1_0.hire_date,e1_0.image,e1_0.mail,e1_0.name,e1_0.password,e1_0.phone,r1_0.id,r1_0.role_name,e1_0.surname,a1_0.end_date,r2_0.id,r2_0.role,r3_0.id,r3_0.image,r3_0.name,ra1_0.id,ra1_0.address,ra1_0.city,ra1_0.cordx,ra1_0.cordy,ra1_0.postal_code,a1_0.start_date from assignement a1_0 join employee e1_0 on e1_0.id=a1_0.employee_id left join role r1_0 on r1_0.id=e1_0.role_id left join responsability r2_0 on r2_0.id=a1_0.responsability_id join restaurant r3_0 on r3_0.id=a1_0.restaurant_id left join restaurant_address ra1_0 on ra1_0.id=r3_0.address_id where (a1_0.employee_id,a1_0.restaurant_id) in ((?,?))
Hibernate: insert into assignement (end_date,responsability_id,start_date,employee_id,restaurant_id) values (?,?,?,?,?)
Hibernate: select a1_0.employee_id,a1_0.restaurant_id,e1_0.id,e1_0.admin,e1_0.hire_date,e1_0.image,e1_0.mail,e1_0.name,e1_0.password,e1_0.phone,r1_0.id,r1_0.role_name,e1_0.surname,a1_0.end_date,r2_0.id,r2_0.role,r3_0.id,r3_0.image,r3_0.name,ra1_0.id,ra1_0.address,ra1_0.city,ra1_0.cordx,ra1_0.cordy,ra1_0.postal_code,a1_0.start_date from assignement a1_0 join employee e1_0 on e1_0.id=a1_0.employee_id left join role r1_0 on r1_0.id=e1_0.role_id left join responsability r2_0 on r2_0.id=a1_0.responsability_id join restaurant r3_0 on r3_0.id=a1_0.restaurant_id left join restaurant_address ra1_0 on ra1_0.id=r3_0.address_id where (a1_0.employee_id,a1_0.restaurant_id) in ((?,?))
Hibernate: insert into assignement (end_date,responsability_id,start_date,employee_id,restaurant_id) values (?,?,?,?,?)
Hibernate: select a1_0.employee_id,a1_0.restaurant_id,e1_0.id,e1_0.admin,e1_0.hire_date,e1_0.image,e1_0.mail,e1_0.name,e1_0.password,e1_0.phone,r1_0.id,r1_0.role_name,e1_0.surname,a1_0.end_date,r2_0.id,r2_0.role,r3_0.id,r3_0.image,r3_0.name,ra1_0.id,ra1_0.address,ra1_0.city,ra1_0.cordx,ra1_0.cordy,ra1_0.postal_code,a1_0.start_date from assignement a1_0 join employee e1_0 on e1_0.id=a1_0.employee_id left join role r1_0 on r1_0.id=e1_0.role_id left join responsability r2_0 on r2_0.id=a1_0.responsability_id join restaurant r3_0 on r3_0.id=a1_0.restaurant_id left join restaurant_address ra1_0 on ra1_0.id=r3_0.address_id where (a1_0.employee_id,a1_0.restaurant_id) in ((?,?))
Hibernate: insert into assignement (end_date,responsability_id,start_date,employee_id,restaurant_id) values (?,?,?,?,?)
Hibernate: select a1_0.employee_id,a1_0.restaurant_id,e1_0.id,e1_0.admin,e1_0.hire_date,e1_0.image,e1_0.mail,e1_0.name,e1_0.password,e1_0.phone,r1_0.id,r1_0.role_name,e1_0.surname,a1_0.end_date,r2_0.id,r2_0.role,r3_0.id,r3_0.image,r3_0.name,ra1_0.id,ra1_0.address,ra1_0.city,ra1_0.cordx,ra1_0.cordy,ra1_0.postal_code,a1_0.start_date from assignement a1_0 join employee e1_0 on e1_0.id=a1_0.employee_id left join role r1_0 on r1_0.id=e1_0.role_id left join responsability r2_0 on r2_0.id=a1_0.responsability_id join restaurant r3_0 on r3_0.id=a1_0.restaurant_id left join restaurant_address ra1_0 on ra1_0.id=r3_0.address_id where (a1_0.employee_id,a1_0.restaurant_id) in ((?,?))
Hibernate: update assignement set end_date=?,responsability_id=?,start_date=? where employee_id=? and restaurant_id=?
Hibernate: select a1_0.employee_id,a1_0.restaurant_id,e1_0.id,e1_0.admin,e1_0.hire_date,e1_0.image,e1_0.mail,e1_0.name,e1_0.password,e1_0.phone,r1_0.id,r1_0.role_name,e1_0.surname,a1_0.end_date,r2_0.id,r2_0.role,r3_0.id,r3_0.image,r3_0.name,ra1_0.id,ra1_0.address,ra1_0.city,ra1_0.cordx,ra1_0.cordy,ra1_0.postal_code,a1_0.start_date from assignement a1_0 join employee e1_0 on e1_0.id=a1_0.employee_id left join role r1_0 on r1_0.id=e1_0.role_id left join responsability r2_0 on r2_0.id=a1_0.responsability_id join restaurant r3_0 on r3_0.id=a1_0.restaurant_id left join restaurant_address ra1_0 on ra1_0.id=r3_0.address_id where (a1_0.employee_id,a1_0.restaurant_id) in ((?,?))
Hibernate: insert into assignement (end_date,responsability_id,start_date,employee_id,restaurant_id) values (?,?,?,?,?)
Hibernate: select a1_0.employee_id,a1_0.restaurant_id,e1_0.id,e1_0.admin,e1_0.hire_date,e1_0.image,e1_0.mail,e1_0.name,e1_0.password,e1_0.phone,r1_0.id,r1_0.role_name,e1_0.surname,a1_0.end_date,r2_0.id,r2_0.role,r3_0.id,r3_0.image,r3_0.name,ra1_0.id,ra1_0.address,ra1_0.city,ra1_0.cordx,ra1_0.cordy,ra1_0.postal_code,a1_0.start_date from assignement a1_0 join employee e1_0 on e1_0.id=a1_0.employee_id left join role r1_0 on r1_0.id=e1_0.role_id left join responsability r2_0 on r2_0.id=a1_0.responsability_id join restaurant r3_0 on r3_0.id=a1_0.restaurant_id left join restaurant_address ra1_0 on ra1_0.id=r3_0.address_id where (a1_0.employee_id,a1_0.restaurant_id) in ((?,?))
Hibernate: insert into assignement (end_date,responsability_id,start_date,employee_id,restaurant_id) values (?,?,?,?,?)
Hibernate: select a1_0.employee_id,a1_0.restaurant_id,e1_0.id,e1_0.admin,e1_0.hire_date,e1_0.image,e1_0.mail,e1_0.name,e1_0.password,e1_0.phone,r1_0.id,r1_0.role_name,e1_0.surname,a1_0.end_date,r2_0.id,r2_0.role,r3_0.id,r3_0.image,r3_0.name,ra1_0.id,ra1_0.address,ra1_0.city,ra1_0.cordx,ra1_0.cordy,ra1_0.postal_code,a1_0.start_date from assignement a1_0 join employee e1_0 on e1_0.id=a1_0.employee_id left join role r1_0 on r1_0.id=e1_0.role_id left join responsability r2_0 on r2_0.id=a1_0.responsability_id join restaurant r3_0 on r3_0.id=a1_0.restaurant_id left join restaurant_address ra1_0 on ra1_0.id=r3_0.address_id where (a1_0.employee_id,a1_0.restaurant_id) in ((?,?))
Hibernate: insert into assignement (end_date,responsability_id,start_date,employee_id,restaurant_id) values (?,?,?,?,?)
Hibernate: select a1_0.employee_id,a1_0.restaurant_id,e1_0.id,e1_0.admin,e1_0.hire_date,e1_0.image,e1_0.mail,e1_0.name,e1_0.password,e1_0.phone,r1_0.id,r1_0.role_name,e1_0.surname,a1_0.end_date,r2_0.id,r2_0.role,r3_0.id,r3_0.image,r3_0.name,ra1_0.id,ra1_0.address,ra1_0.city,ra1_0.cordx,ra1_0.cordy,ra1_0.postal_code,a1_0.start_date from assignement a1_0 join employee e1_0 on e1_0.id=a1_0.employee_id left join role r1_0 on r1_0.id=e1_0.role_id left join responsability r2_0 on r2_0.id=a1_0.responsability_id join restaurant r3_0 on r3_0.id=a1_0.restaurant_id left join restaurant_address ra1_0 on ra1_0.id=r3_0.address_id where (a1_0.employee_id,a1_0.restaurant_id) in ((?,?))
Hibernate: insert into assignement (end_date,responsability_id,start_date,employee_id,restaurant_id) values (?,?,?,?,?)
Hibernate: select a1_0.employee_id,a1_0.restaurant_id,e1_0.id,e1_0.admin,e1_0.hire_date,e1_0.image,e1_0.mail,e1_0.name,e1_0.password,e1_0.phone,r1_0.id,r1_0.role_name,e1_0.surname,a1_0.end_date,r2_0.id,r2_0.role,r3_0.id,r3_0.image,r3_0.name,ra1_0.id,ra1_0.address,ra1_0.city,ra1_0.cordx,ra1_0.cordy,ra1_0.postal_code,a1_0.start_date from assignement a1_0 join employee e1_0 on e1_0.id=a1_0.employee_id left join role r1_0 on r1_0.id=e1_0.role_id left join responsability r2_0 on r2_0.id=a1_0.responsability_id join restaurant r3_0 on r3_0.id=a1_0.restaurant_id left join restaurant_address ra1_0 on ra1_0.id=r3_0.address_id where (a1_0.employee_id,a1_0.restaurant_id) in ((?,?))
Hibernate: insert into assignement (end_date,responsability_id,start_date,employee_id,restaurant_id) values (?,?,?,?,?)
Hibernate: select a1_0.employee_id,a1_0.restaurant_id,e1_0.id,e1_0.admin,e1_0.hire_date,e1_0.image,e1_0.mail,e1_0.name,e1_0.password,e1_0.phone,r1_0.id,r1_0.role_name,e1_0.surname,a1_0.end_date,r2_0.id,r2_0.role,r3_0.id,r3_0.image,r3_0.name,ra1_0.id,ra1_0.address,ra1_0.city,ra1_0.cordx,ra1_0.cordy,ra1_0.postal_code,a1_0.start_date from assignement a1_0 join employee e1_0 on e1_0.id=a1_0.employee_id left join role r1_0 on r1_0.id=e1_0.role_id left join responsability r2_0 on r2_0.id=a1_0.responsability_id join restaurant r3_0 on r3_0.id=a1_0.restaurant_id left join restaurant_address ra1_0 on ra1_0.id=r3_0.address_id where (a1_0.employee_id,a1_0.restaurant_id) in ((?,?))
Hibernate: insert into assignement (end_date,responsability_id,start_date,employee_id,restaurant_id) values (?,?,?,?,?)
Hibernate: select a1_0.employee_id,a1_0.restaurant_id,e1_0.id,e1_0.admin,e1_0.hire_date,e1_0.image,e1_0.mail,e1_0.name,e1_0.password,e1_0.phone,r1_0.id,r1_0.role_name,e1_0.surname,a1_0.end_date,r2_0.id,r2_0.role,r3_0.id,r3_0.image,r3_0.name,ra1_0.id,ra1_0.address,ra1_0.city,ra1_0.cordx,ra1_0.cordy,ra1_0.postal_code,a1_0.start_date from assignement a1_0 join employee e1_0 on e1_0.id=a1_0.employee_id left join role r1_0 on r1_0.id=e1_0.role_id left join responsability r2_0 on r2_0.id=a1_0.responsability_id join restaurant r3_0 on r3_0.id=a1_0.restaurant_id left join restaurant_address ra1_0 on ra1_0.id=r3_0.address_id where (a1_0.employee_id,a1_0.restaurant_id) in ((?,?))
Hibernate: insert into assignement (end_date,responsability_id,start_date,employee_id,restaurant_id) values (?,?,?,?,?)
Hibernate: select a1_0.employee_id,a1_0.restaurant_id,e1_0.id,e1_0.admin,e1_0.hire_date,e1_0.image,e1_0.mail,e1_0.name,e1_0.password,e1_0.phone,r1_0.id,r1_0.role_name,e1_0.surname,a1_0.end_date,r2_0.id,r2_0.role,r3_0.id,r3_0.image,r3_0.name,ra1_0.id,ra1_0.address,ra1_0.city,ra1_0.cordx,ra1_0.cordy,ra1_0.postal_code,a1_0.start_date from assignement a1_0 join employee e1_0 on e1_0.id=a1_0.employee_id left join role r1_0 on r1_0.id=e1_0.role_id left join responsability r2_0 on r2_0.id=a1_0.responsability_id join restaurant r3_0 on r3_0.id=a1_0.restaurant_id left join restaurant_address ra1_0 on ra1_0.id=r3_0.address_id where (a1_0.employee_id,a1_0.restaurant_id) in ((?,?))
Hibernate: insert into assignement (end_date,responsability_id,start_date,employee_id,restaurant_id) values (?,?,?,?,?)
Hibernate: select a1_0.employee_id,a1_0.restaurant_id,e1_0.id,e1_0.admin,e1_0.hire_date,e1_0.image,e1_0.mail,e1_0.name,e1_0.password,e1_0.phone,r1_0.id,r1_0.role_name,e1_0.surname,a1_0.end_date,r2_0.id,r2_0.role,r3_0.id,r3_0.image,r3_0.name,ra1_0.id,ra1_0.address,ra1_0.city,ra1_0.cordx,ra1_0.cordy,ra1_0.postal_code,a1_0.start_date from assignement a1_0 join employee e1_0 on e1_0.id=a1_0.employee_id left join role r1_0 on r1_0.id=e1_0.role_id left join responsability r2_0 on r2_0.id=a1_0.responsability_id join restaurant r3_0 on r3_0.id=a1_0.restaurant_id left join restaurant_address ra1_0 on ra1_0.id=r3_0.address_id where (a1_0.employee_id,a1_0.restaurant_id) in ((?,?))
Hibernate: insert into assignement (end_date,responsability_id,start_date,employee_id,restaurant_id) values (?,?,?,?,?)
Hibernate: select a1_0.employee_id,a1_0.restaurant_id,e1_0.id,e1_0.admin,e1_0.hire_date,e1_0.image,e1_0.mail,e1_0.name,e1_0.password,e1_0.phone,r1_0.id,r1_0.role_name,e1_0.surname,a1_0.end_date,r2_0.id,r2_0.role,r3_0.id,r3_0.image,r3_0.name,ra1_0.id,ra1_0.address,ra1_0.city,ra1_0.cordx,ra1_0.cordy,ra1_0.postal_code,a1_0.start_date from assignement a1_0 join employee e1_0 on e1_0.id=a1_0.employee_id left join role r1_0 on r1_0.id=e1_0.role_id left join responsability r2_0 on r2_0.id=a1_0.responsability_id join restaurant r3_0 on r3_0.id=a1_0.restaurant_id left join restaurant_address ra1_0 on ra1_0.id=r3_0.address_id where (a1_0.employee_id,a1_0.restaurant_id) in ((?,?))
Hibernate: insert into assignement (end_date,responsability_id,start_date,employee_id,restaurant_id) values (?,?,?,?,?)
Hibernate: select a1_0.employee_id,a1_0.restaurant_id,e1_0.id,e1_0.admin,e1_0.hire_date,e1_0.image,e1_0.mail,e1_0.name,e1_0.password,e1_0.phone,r1_0.id,r1_0.role_name,e1_0.surname,a1_0.end_date,r2_0.id,r2_0.role,r3_0.id,r3_0.image,r3_0.name,ra1_0.id,ra1_0.address,ra1_0.city,ra1_0.cordx,ra1_0.cordy,ra1_0.postal_code,a1_0.start_date from assignement a1_0 join employee e1_0 on e1_0.id=a1_0.employee_id left join role r1_0 on r1_0.id=e1_0.role_id left join responsability r2_0 on r2_0.id=a1_0.responsability_id join restaurant r3_0 on r3_0.id=a1_0.restaurant_id left join restaurant_address ra1_0 on ra1_0.id=r3_0.address_id where (a1_0.employee_id,a1_0.restaurant_id) in ((?,?))
Hibernate: insert into assignement (end_date,responsability_id,start_date,employee_id,restaurant_id) values (?,?,?,?,?)
Hibernate: select a1_0.employee_id,a1_0.restaurant_id,e1_0.id,e1_0.admin,e1_0.hire_date,e1_0.image,e1_0.mail,e1_0.name,e1_0.password,e1_0.phone,r1_0.id,r1_0.role_name,e1_0.surname,a1_0.end_date,r2_0.id,r2_0.role,r3_0.id,r3_0.image,r3_0.name,ra1_0.id,ra1_0.address,ra1_0.city,ra1_0.cordx,ra1_0.cordy,ra1_0.postal_code,a1_0.start_date from assignement a1_0 join employee e1_0 on e1_0.id=a1_0.employee_id left join role r1_0 on r1_0.id=e1_0.role_id left join responsability r2_0 on r2_0.id=a1_0.responsability_id join restaurant r3_0 on r3_0.id=a1_0.restaurant_id left join restaurant_address ra1_0 on ra1_0.id=r3_0.address_id where (a1_0.employee_id,a1_0.restaurant_id) in ((?,?))
Hibernate: insert into assignement (end_date,responsability_id,start_date,employee_id,restaurant_id) values (?,?,?,?,?)
Hibernate: select a1_0.employee_id,a1_0.restaurant_id,e1_0.id,e1_0.admin,e1_0.hire_date,e1_0.image,e1_0.mail,e1_0.name,e1_0.password,e1_0.phone,r1_0.id,r1_0.role_name,e1_0.surname,a1_0.end_date,r2_0.id,r2_0.role,r3_0.id,r3_0.image,r3_0.name,ra1_0.id,ra1_0.address,ra1_0.city,ra1_0.cordx,ra1_0.cordy,ra1_0.postal_code,a1_0.start_date from assignement a1_0 join employee e1_0 on e1_0.id=a1_0.employee_id left join role r1_0 on r1_0.id=e1_0.role_id left join responsability r2_0 on r2_0.id=a1_0.responsability_id join restaurant r3_0 on r3_0.id=a1_0.restaurant_id left join restaurant_address ra1_0 on ra1_0.id=r3_0.address_id where (a1_0.employee_id,a1_0.restaurant_id) in ((?,?))
Hibernate: insert into assignement (end_date,responsability_id,start_date,employee_id,restaurant_id) values (?,?,?,?,?)
Hibernate: select a1_0.employee_id,a1_0.restaurant_id,e1_0.id,e1_0.admin,e1_0.hire_date,e1_0.image,e1_0.mail,e1_0.name,e1_0.password,e1_0.phone,r1_0.id,r1_0.role_name,e1_0.surname,a1_0.end_date,r2_0.id,r2_0.role,r3_0.id,r3_0.image,r3_0.name,ra1_0.id,ra1_0.address,ra1_0.city,ra1_0.cordx,ra1_0.cordy,ra1_0.postal_code,a1_0.start_date from assignement a1_0 join employee e1_0 on e1_0.id=a1_0.employee_id left join role r1_0 on r1_0.id=e1_0.role_id left join responsability r2_0 on r2_0.id=a1_0.responsability_id join restaurant r3_0 on r3_0.id=a1_0.restaurant_id left join restaurant_address ra1_0 on ra1_0.id=r3_0.address_id where (a1_0.employee_id,a1_0.restaurant_id) in ((?,?))
Hibernate: insert into assignement (end_date,responsability_id,start_date,employee_id,restaurant_id) values (?,?,?,?,?)
Hibernate: select a1_0.employee_id,a1_0.restaurant_id,e1_0.id,e1_0.admin,e1_0.hire_date,e1_0.image,e1_0.mail,e1_0.name,e1_0.password,e1_0.phone,r1_0.id,r1_0.role_name,e1_0.surname,a1_0.end_date,r2_0.id,r2_0.role,r3_0.id,r3_0.image,r3_0.name,ra1_0.id,ra1_0.address,ra1_0.city,ra1_0.cordx,ra1_0.cordy,ra1_0.postal_code,a1_0.start_date from assignement a1_0 join employee e1_0 on e1_0.id=a1_0.employee_id left join role r1_0 on r1_0.id=e1_0.role_id left join responsability r2_0 on r2_0.id=a1_0.responsability_id join restaurant r3_0 on r3_0.id=a1_0.restaurant_id left join restaurant_address ra1_0 on ra1_0.id=r3_0.address_id where (a1_0.employee_id,a1_0.restaurant_id) in ((?,?))
Hibernate: insert into assignement (end_date,responsability_id,start_date,employee_id,restaurant_id) values (?,?,?,?,?)
Hibernate: select a1_0.employee_id,a1_0.restaurant_id,e1_0.id,e1_0.admin,e1_0.hire_date,e1_0.image,e1_0.mail,e1_0.name,e1_0.password,e1_0.phone,r1_0.id,r1_0.role_name,e1_0.surname,a1_0.end_date,r2_0.id,r2_0.role,r3_0.id,r3_0.image,r3_0.name,ra1_0.id,ra1_0.address,ra1_0.city,ra1_0.cordx,ra1_0.cordy,ra1_0.postal_code,a1_0.start_date from assignement a1_0 join employee e1_0 on e1_0.id=a1_0.employee_id left join role r1_0 on r1_0.id=e1_0.role_id left join responsability r2_0 on r2_0.id=a1_0.responsability_id join restaurant r3_0 on r3_0.id=a1_0.restaurant_id left join restaurant_address ra1_0 on ra1_0.id=r3_0.address_id where (a1_0.employee_id,a1_0.restaurant_id) in ((?,?))
Hibernate: insert into assignement (end_date,responsability_id,start_date,employee_id,restaurant_id) values (?,?,?,?,?)
Hibernate: select a1_0.employee_id,a1_0.restaurant_id,e1_0.id,e1_0.admin,e1_0.hire_date,e1_0.image,e1_0.mail,e1_0.name,e1_0.password,e1_0.phone,r1_0.id,r1_0.role_name,e1_0.surname,a1_0.end_date,r2_0.id,r2_0.role,r3_0.id,r3_0.image,r3_0.name,ra1_0.id,ra1_0.address,ra1_0.city,ra1_0.cordx,ra1_0.cordy,ra1_0.postal_code,a1_0.start_date from assignement a1_0 join employee e1_0 on e1_0.id=a1_0.employee_id left join role r1_0 on r1_0.id=e1_0.role_id left join responsability r2_0 on r2_0.id=a1_0.responsability_id join restaurant r3_0 on r3_0.id=a1_0.restaurant_id left join restaurant_address ra1_0 on ra1_0.id=r3_0.address_id where (a1_0.employee_id,a1_0.restaurant_id) in ((?,?))
Hibernate: update assignement set end_date=?,responsability_id=?,start_date=? where employee_id=? and restaurant_id=?
[...]
Hibernate: update employee set admin=?,hire_date=?,image=?,mail=?,name=?,password=?,phone=?,role_id=?,surname=? where id=?
Hibernate: update employee set admin=?,hire_date=?,image=?,mail=?,name=?,password=?,phone=?,role_id=?,surname=? where id=?
Hibernate: update employee set admin=?,hire_date=?,image=?,mail=?,name=?,password=?,phone=?,role_id=?,surname=? where id=?
Hibernate: update employee set admin=?,hire_date=?,image=?,mail=?,name=?,password=?,phone=?,role_id=?,surname=? where id=?
Hibernate: update employee set admin=?,hire_date=?,image=?,mail=?,name=?,password=?,phone=?,role_id=?,surname=? where id=?
Hibernate: update employee set admin=?,hire_date=?,image=?,mail=?,name=?,password=?,phone=?,role_id=?,surname=? where id=?
Hibernate: update employee set admin=?,hire_date=?,image=?,mail=?,name=?,password=?,phone=?,role_id=?,surname=? where id=?
Hibernate: update employee set admin=?,hire_date=?,image=?,mail=?,name=?,password=?,phone=?,role_id=?,surname=? where id=?
Hibernate: update employee set admin=?,hire_date=?,image=?,mail=?,name=?,password=?,phone=?,role_id=?,surname=? where id=?
Hibernate: update employee set admin=?,hire_date=?,image=?,mail=?,name=?,password=?,phone=?,role_id=?,surname=? where id=?
Hibernate: update employee set admin=?,hire_date=?,image=?,mail=?,name=?,password=?,phone=?,role_id=?,surname=? where id=?
Hibernate: update employee set admin=?,hire_date=?,image=?,mail=?,name=?,password=?,phone=?,role_id=?,surname=? where id=?
Hibernate: update employee set admin=?,hire_date=?,image=?,mail=?,name=?,password=?,phone=?,role_id=?,surname=? where id=?
Hibernate: update employee set admin=?,hire_date=?,image=?,mail=?,name=?,password=?,phone=?,role_id=?,surname=? where id=?
Hibernate: update employee set admin=?,hire_date=?,image=?,mail=?,name=?,password=?,phone=?,role_id=?,surname=? where id=?
Hibernate: update employee set admin=?,hire_date=?,image=?,mail=?,name=?,password=?,phone=?,role_id=?,surname=? where id=?
Hibernate: update employee set admin=?,hire_date=?,image=?,mail=?,name=?,password=?,phone=?,role_id=?,surname=? where id=?
Hibernate: update employee set admin=?,hire_date=?,image=?,mail=?,name=?,password=?,phone=?,role_id=?,surname=? where id=?
Hibernate: update employee set admin=?,hire_date=?,image=?,mail=?,name=?,password=?,phone=?,role_id=?,surname=? where id=?
Hibernate: update employee set admin=?,hire_date=?,image=?,mail=?,name=?,password=?,phone=?,role_id=?,surname=? where id=?
Hibernate: update employee set admin=?,hire_date=?,image=?,mail=?,name=?,password=?,phone=?,role_id=?,surname=? where id=?
Hibernate: update employee set admin=?,hire_date=?,image=?,mail=?,name=?,password=?,phone=?,role_id=?,surname=? where id=?
Hibernate: update employee set admin=?,hire_date=?,image=?,mail=?,name=?,password=?,phone=?,role_id=?,surname=? where id=?
Hibernate: update employee set admin=?,hire_date=?,image=?,mail=?,name=?,password=?,phone=?,role_id=?,surname=? where id=?
Hibernate: update employee set admin=?,hire_date=?,image=?,mail=?,name=?,password=?,phone=?,role_id=?,surname=? where id=?
Hibernate: update employee set admin=?,hire_date=?,image=?,mail=?,name=?,password=?,phone=?,role_id=?,surname=? where id=?
Hibernate: update employee set admin=?,hire_date=?,image=?,mail=?,name=?,password=?,phone=?,role_id=?,surname=? where id=?
Hibernate: update employee set admin=?,hire_date=?,image=?,mail=?,name=?,password=?,phone=?,role_id=?,surname=? where id=?
Hibernate: update employee set admin=?,hire_date=?,image=?,mail=?,name=?,password=?,phone=?,role_id=?,surname=? where id=?
Hibernate: update employee set admin=?,hire_date=?,image=?,mail=?,name=?,password=?,phone=?,role_id=?,surname=? where id=?
Hibernate: update employee set admin=?,hire_date=?,image=?,mail=?,name=?,password=?,phone=?,role_id=?,surname=? where id=?
Hibernate: update employee set admin=?,hire_date=?,image=?,mail=?,name=?,password=?,phone=?,role_id=?,surname=? where id=?
Hibernate: update employee set admin=?,hire_date=?,image=?,mail=?,name=?,password=?,phone=?,role_id=?,surname=? where id=?
Hibernate: update employee set admin=?,hire_date=?,image=?,mail=?,name=?,password=?,phone=?,role_id=?,surname=? where id=?
Hibernate: update employee set admin=?,hire_date=?,image=?,mail=?,name=?,password=?,phone=?,role_id=?,surname=? where id=?
Hibernate: update employee set admin=?,hire_date=?,image=?,mail=?,name=?,password=?,phone=?,role_id=?,surname=? where id=?
Hibernate: update employee set admin=?,hire_date=?,image=?,mail=?,name=?,password=?,phone=?,role_id=?,surname=? where id=?
Hibernate: update employee set admin=?,hire_date=?,image=?,mail=?,name=?,password=?,phone=?,role_id=?,surname=? where id=?
Hibernate: update employee set admin=?,hire_date=?,image=?,mail=?,name=?,password=?,phone=?,role_id=?,surname=? where id=?
Hibernate: update employee set admin=?,hire_date=?,image=?,mail=?,name=?,password=?,phone=?,role_id=?,surname=? where id=?
Hibernate: update employee set admin=?,hire_date=?,image=?,mail=?,name=?,password=?,phone=?,role_id=?,surname=? where id=?
Hibernate: update employee set admin=?,hire_date=?,image=?,mail=?,name=?,password=?,phone=?,role_id=?,surname=? where id=?
Hibernate: update employee set admin=?,hire_date=?,image=?,mail=?,name=?,password=?,phone=?,role_id=?,surname=? where id=?
Hibernate: update employee set admin=?,hire_date=?,image=?,mail=?,name=?,password=?,phone=?,role_id=?,surname=? where id=?
Hibernate: update employee set admin=?,hire_date=?,image=?,mail=?,name=?,password=?,phone=?,role_id=?,surname=? where id=?
Hibernate: update employee set admin=?,hire_date=?,image=?,mail=?,name=?,password=?,phone=?,role_id=?,surname=? where id=?
Hibernate: update employee set admin=?,hire_date=?,image=?,mail=?,name=?,password=?,phone=?,role_id=?,surname=? where id=?
Hibernate: update employee set admin=?,hire_date=?,image=?,mail=?,name=?,password=?,phone=?,role_id=?,surname=? where id=?
Hibernate: update employee set admin=?,hire_date=?,image=?,mail=?,name=?,password=?,phone=?,role_id=?,surname=? where id=?
Hibernate: update employee set admin=?,hire_date=?,image=?,mail=?,name=?,password=?,phone=?,role_id=?,surname=? where id=?
Hibernate: update employee set admin=?,hire_date=?,image=?,mail=?,name=?,password=?,phone=?,role_id=?,surname=? where id=?
Hibernate: update employee set admin=?,hire_date=?,image=?,mail=?,name=?,password=?,phone=?,role_id=?,surname=? where id=?
Hibernate: update employee set admin=?,hire_date=?,image=?,mail=?,name=?,password=?,phone=?,role_id=?,surname=? where id=?
Hibernate: update employee set admin=?,hire_date=?,image=?,mail=?,name=?,password=?,phone=?,role_id=?,surname=? where id=?
Hibernate: update employee set admin=?,hire_date=?,image=?,mail=?,name=?,password=?,phone=?,role_id=?,surname=? where id=?
Hibernate: update employee set admin=?,hire_date=?,image=?,mail=?,name=?,password=?,phone=?,role_id=?,surname=? where id=?
Hibernate: update employee set admin=?,hire_date=?,image=?,mail=?,name=?,password=?,phone=?,role_id=?,surname=? where id=?
Hibernate: update employee set admin=?,hire_date=?,image=?,mail=?,name=?,password=?,phone=?,role_id=?,surname=? where id=?
Hibernate: update employee set admin=?,hire_date=?,image=?,mail=?,name=?,password=?,phone=?,role_id=?,surname=? where id=?
Hibernate: update employee set admin=?,hire_date=?,image=?,mail=?,name=?,password=?,phone=?,role_id=?,surname=? where id=?
Hibernate: update employee set admin=?,hire_date=?,image=?,mail=?,name=?,password=?,phone=?,role_id=?,surname=? where id=?
Hibernate: update employee set admin=?,hire_date=?,image=?,mail=?,name=?,password=?,phone=?,role_id=?,surname=? where id=?
Hibernate: update employee set admin=?,hire_date=?,image=?,mail=?,name=?,password=?,phone=?,role_id=?,surname=? where id=?
Hibernate: update employee set admin=?,hire_date=?,image=?,mail=?,name=?,password=?,phone=?,role_id=?,surname=? where id=?
Hibernate: update employee set admin=?,hire_date=?,image=?,mail=?,name=?,password=?,phone=?,role_id=?,surname=? where id=?
Hibernate: update employee set admin=?,hire_date=?,image=?,mail=?,name=?,password=?,phone=?,role_id=?,surname=? where id=?
Hibernate: update employee set admin=?,hire_date=?,image=?,mail=?,name=?,password=?,phone=?,role_id=?,surname=? where id=?
Hibernate: update employee set admin=?,hire_date=?,image=?,mail=?,name=?,password=?,phone=?,role_id=?,surname=? where id=?
Hibernate: update employee set admin=?,hire_date=?,image=?,mail=?,name=?,password=?,phone=?,role_id=?,surname=? where id=?
Hibernate: update employee set admin=?,hire_date=?,image=?,mail=?,name=?,password=?,phone=?,role_id=?,surname=? where id=?
Hibernate: update employee set admin=?,hire_date=?,image=?,mail=?,name=?,password=?,phone=?,role_id=?,surname=? where id=?
Hibernate: update employee set admin=?,hire_date=?,image=?,mail=?,name=?,password=?,phone=?,role_id=?,surname=? where id=?
Hibernate: update employee set admin=?,hire_date=?,image=?,mail=?,name=?,password=?,phone=?,role_id=?,surname=? where id=?
Hibernate: update employee set admin=?,hire_date=?,image=?,mail=?,name=?,password=?,phone=?,role_id=?,surname=? where id=?
Hibernate: update employee set admin=?,hire_date=?,image=?,mail=?,name=?,password=?,phone=?,role_id=?,surname=? where id=?
Hibernate: update employee set admin=?,hire_date=?,image=?,mail=?,name=?,password=?,phone=?,role_id=?,surname=? where id=?
Hibernate: update employee set admin=?,hire_date=?,image=?,mail=?,name=?,password=?,phone=?,role_id=?,surname=? where id=?
Hibernate: update employee set admin=?,hire_date=?,image=?,mail=?,name=?,password=?,phone=?,role_id=?,surname=? where id=?
Hibernate: update employee set admin=?,hire_date=?,image=?,mail=?,name=?,password=?,phone=?,role_id=?,surname=? where id=?
Hibernate: update employee set admin=?,hire_date=?,image=?,mail=?,name=?,password=?,phone=?,role_id=?,surname=? where id=?
Hibernate: update employee set admin=?,hire_date=?,image=?,mail=?,name=?,password=?,phone=?,role_id=?,surname=? where id=?
Hibernate: update employee set admin=?,hire_date=?,image=?,mail=?,name=?,password=?,phone=?,role_id=?,surname=? where id=?
Hibernate: update employee set admin=?,hire_date=?,image=?,mail=?,name=?,password=?,phone=?,role_id=?,surname=? where id=?
Hibernate: update employee set admin=?,hire_date=?,image=?,mail=?,name=?,password=?,phone=?,role_id=?,surname=? where id=?
Hibernate: update employee set admin=?,hire_date=?,image=?,mail=?,name=?,password=?,phone=?,role_id=?,surname=? where id=?
Hibernate: update employee set admin=?,hire_date=?,image=?,mail=?,name=?,password=?,phone=?,role_id=?,surname=? where id=?
Hibernate: update employee set admin=?,hire_date=?,image=?,mail=?,name=?,password=?,phone=?,role_id=?,surname=? where id=?
Hibernate: update employee set admin=?,hire_date=?,image=?,mail=?,name=?,password=?,phone=?,role_id=?,surname=? where id=?
Hibernate: update employee set admin=?,hire_date=?,image=?,mail=?,name=?,password=?,phone=?,role_id=?,surname=? where id=?
Hibernate: update employee set admin=?,hire_date=?,image=?,mail=?,name=?,password=?,phone=?,role_id=?,surname=? where id=?
Hibernate: update employee set admin=?,hire_date=?,image=?,mail=?,name=?,password=?,phone=?,role_id=?,surname=? where id=?
Hibernate: update employee set admin=?,hire_date=?,image=?,mail=?,name=?,password=?,phone=?,role_id=?,surname=? where id=?
Hibernate: update employee set admin=?,hire_date=?,image=?,mail=?,name=?,password=?,phone=?,role_id=?,surname=? where id=?
Hibernate: update employee set admin=?,hire_date=?,image=?,mail=?,name=?,password=?,phone=?,role_id=?,surname=? where id=?
Hibernate: update employee set admin=?,hire_date=?,image=?,mail=?,name=?,password=?,phone=?,role_id=?,surname=? where id=?
Hibernate: update employee set admin=?,hire_date=?,image=?,mail=?,name=?,password=?,phone=?,role_id=?,surname=? where id=?
Hibernate: update employee set admin=?,hire_date=?,image=?,mail=?,name=?,password=?,phone=?,role_id=?,surname=? where id=?
Hibernate: update employee set admin=?,hire_date=?,image=?,mail=?,name=?,password=?,phone=?,role_id=?,surname=? where id=?
Hibernate: update employee set admin=?,hire_date=?,image=?,mail=?,name=?,password=?,phone=?,role_id=?,surname=? where id=?
Hibernate: update employee set admin=?,hire_date=?,image=?,mail=?,name=?,password=?,phone=?,role_id=?,surname=? where id=?
Hibernate: update employee set admin=?,hire_date=?,image=?,mail=?,name=?,password=?,phone=?,role_id=?,surname=? where id=?
Hibernate: update employee set admin=?,hire_date=?,image=?,mail=?,name=?,password=?,phone=?,role_id=?,surname=? where id=?
Hibernate: update employee set admin=?,hire_date=?,image=?,mail=?,name=?,password=?,phone=?,role_id=?,surname=? where id=?
Hibernate: update employee set admin=?,hire_date=?,image=?,mail=?,name=?,password=?,phone=?,role_id=?,surname=? where id=?
Hibernate: update employee set admin=?,hire_date=?,image=?,mail=?,name=?,password=?,phone=?,role_id=?,surname=? where id=?
Hibernate: update employee set admin=?,hire_date=?,image=?,mail=?,name=?,password=?,phone=?,role_id=?,surname=? where id=?
Hibernate: update employee set admin=?,hire_date=?,image=?,mail=?,name=?,password=?,phone=?,role_id=?,surname=? where id=?
Hibernate: update employee set admin=?,hire_date=?,image=?,mail=?,name=?,password=?,phone=?,role_id=?,surname=? where id=?
Hibernate: update employee set admin=?,hire_date=?,image=?,mail=?,name=?,password=?,phone=?,role_id=?,surname=? where id=?
Hibernate: update employee set admin=?,hire_date=?,image=?,mail=?,name=?,password=?,phone=?,role_id=?,surname=? where id=?
Hibernate: update employee set admin=?,hire_date=?,image=?,mail=?,name=?,password=?,phone=?,role_id=?,surname=? where id=?
Hibernate: update employee set admin=?,hire_date=?,image=?,mail=?,name=?,password=?,phone=?,role_id=?,surname=? where id=?
Hibernate: update employee set admin=?,hire_date=?,image=?,mail=?,name=?,password=?,phone=?,role_id=?,surname=? where id=?
Hibernate: update employee set admin=?,hire_date=?,image=?,mail=?,name=?,password=?,phone=?,role_id=?,surname=? where id=?
Hibernate: update employee set admin=?,hire_date=?,image=?,mail=?,name=?,password=?,phone=?,role_id=?,surname=? where id=?
Hibernate: update employee set admin=?,hire_date=?,image=?,mail=?,name=?,password=?,phone=?,role_id=?,surname=? where id=?
Hibernate: update employee set admin=?,hire_date=?,image=?,mail=?,name=?,password=?,phone=?,role_id=?,surname=? where id=?
Hibernate: update employee set admin=?,hire_date=?,image=?,mail=?,name=?,password=?,phone=?,role_id=?,surname=? where id=?
Hibernate: update employee set admin=?,hire_date=?,image=?,mail=?,name=?,password=?,phone=?,role_id=?,surname=? where id=?
Hibernate: update employee set admin=?,hire_date=?,image=?,mail=?,name=?,password=?,phone=?,role_id=?,surname=? where id=?
Hibernate: update employee set admin=?,hire_date=?,image=?,mail=?,name=?,password=?,phone=?,role_id=?,surname=? where id=?
Hibernate: update employee set admin=?,hire_date=?,image=?,mail=?,name=?,password=?,phone=?,role_id=?,surname=? where id=?
Hibernate: update employee set admin=?,hire_date=?,image=?,mail=?,name=?,password=?,phone=?,role_id=?,surname=? where id=?
Hibernate: update employee set admin=?,hire_date=?,image=?,mail=?,name=?,password=?,phone=?,role_id=?,surname=? where id=?
Hibernate: update employee set admin=?,hire_date=?,image=?,mail=?,name=?,password=?,phone=?,role_id=?,surname=? where id=?
Hibernate: update employee set admin=?,hire_date=?,image=?,mail=?,name=?,password=?,phone=?,role_id=?,surname=? where id=?
Hibernate: update employee set admin=?,hire_date=?,image=?,mail=?,name=?,password=?,phone=?,role_id=?,surname=? where id=?
Hibernate: update employee set admin=?,hire_date=?,image=?,mail=?,name=?,password=?,phone=?,role_id=?,surname=? where id=?
Hibernate: update employee set admin=?,hire_date=?,image=?,mail=?,name=?,password=?,phone=?,role_id=?,surname=? where id=?
Hibernate: update employee set admin=?,hire_date=?,image=?,mail=?,name=?,password=?,phone=?,role_id=?,surname=? where id=?
Hibernate: delete from permission where role_id=?
Hibernate: delete from permission where role_id=?
Hibernate: delete from permission where role_id=?
Hibernate: delete from permission where role_id=?
Hibernate: delete from permission where role_id=?
Hibernate: delete from permission where role_id=?
Hibernate: delete from permission where role_id=?
Hibernate: delete from permission where role_id=?
Hibernate: delete from permission where role_id=?
Hibernate: delete from permission where role_id=?
Hibernate: delete from permission where role_id=?
Hibernate: delete from permission where role_id=?
Hibernate: delete from permission where role_id=?
Hibernate: delete from permission where role_id=?
Hibernate: delete from permission where role_id=?
Hibernate: delete from permission where role_id=?
Hibernate: delete from permission where role_id=?
Hibernate: delete from permission where role_id=?
Hibernate: delete from permission where role_id=?
Hibernate: delete from permission where role_id=?
Hibernate: delete from permission where role_id=?
Hibernate: delete from permission where role_id=?
Hibernate: delete from permission where role_id=?
Hibernate: delete from permission where role_id=?
Hibernate: delete from permission where role_id=?
Hibernate: delete from permission where role_id=?
Hibernate: delete from permission where role_id=?
Hibernate: delete from role where id=?
Hibernate: delete from role where id=?
Hibernate: delete from role where id=?
Hibernate: delete from role where id=?
Hibernate: delete from role where id=?
Hibernate: delete from role where id=?
Hibernate: delete from role where id=?
Hibernate: delete from role where id=?
Hibernate: delete from role where id=?
Hibernate: delete from role where id=?
Hibernate: delete from role where id=?
Hibernate: delete from role where id=?
Hibernate: delete from role where id=?
Hibernate: delete from role where id=?
Hibernate: delete from role where id=?
Hibernate: delete from role where id=?
Hibernate: delete from role where id=?
Hibernate: delete from role where id=?
Hibernate: delete from role where id=?
Hibernate: delete from role where id=?
Hibernate: delete from role where id=?
Hibernate: delete from role where id=?
Hibernate: delete from role where id=?
Hibernate: delete from role where id=?
Hibernate: delete from role where id=?
Hibernate: delete from role where id=?
Hibernate: delete from role where id=?
Hibernate: delete from responsability where id=?
Hibernate: select r1_0.id,r1_0.role_name from role r1_0
Hibernate: delete from permission where role_id=?
Hibernate: delete from permission where role_id=?
Hibernate: delete from permission where role_id=?
Hibernate: delete from permission where role_id=?
Hibernate: delete from permission where role_id=?
Hibernate: delete from permission where role_id=?
Hibernate: delete from permission where role_id=?
Hibernate: delete from permission where role_id=?
Hibernate: delete from permission where role_id=?
Hibernate: delete from permission where role_id=?
Hibernate: delete from permission where role_id=?
Hibernate: delete from permission where role_id=?
Hibernate: delete from permission where role_id=?
Hibernate: delete from permission where role_id=?
Hibernate: delete from permission where role_id=?
Hibernate: delete from permission where role_id=?
Hibernate: delete from permission where role_id=?
Hibernate: delete from permission where role_id=?
Hibernate: delete from permission where role_id=?
Hibernate: delete from permission where role_id=?
Hibernate: delete from permission where role_id=?
Hibernate: delete from permission where role_id=?
Hibernate: delete from permission where role_id=?
Hibernate: delete from permission where role_id=?
Hibernate: delete from permission where role_id=?
Hibernate: delete from permission where role_id=?
Hibernate: delete from permission where role_id=?
Hibernate: delete from role where id=?
]]></system-out>
  <system-err><![CDATA[]]></system-err>
</testsuite>
